EFPMD ver. 1.5.0
Copyright (c) 2012-2017 Ilya Kaliman

LIBEFP ver. 1.5.0
Copyright (c) 2012-2017 Ilya Kaliman

Journal References:
  - Kaliman and Slipchenko, JCC 2013.
    DOI: http://dx.doi.org/10.1002/jcc.23375
  - Kaliman and Slipchenko, JCC 2015.
    DOI: http://dx.doi.org/10.1002/jcc.23772

Project web site: https://libefp.github.io/

RUNNING 1 MPI PROCESSES WITH 8 OPENMP THREADS EACH
WALL CLOCK TIME IS Thu May 21 16:31:23 2020

SIMULATION SETTINGS

run_type opt
coord points
terms elec pol disp xr
elec_damp screen
disp_damp overlap
pol_damp tt
pol_driver iterative
enable_ff false
enable_multistep false
ff_geometry ff.xyz
ff_parameters /Users/lyuda/LIBEFP/libefp_pbc/share/libefp/fraglib/params/amber99.prm
single_params_file false
efp_params_file params.efp
enable_cutoff false
swf_cutoff 10
max_steps 200
multistep_steps 1
fraglib_path /Users/lyuda/LIBEFP/libefp_pbc/share/libefp/fraglib
userlib_path ./
enable_pbc false
periodic_box 30.0 30.0 30.0 90.0 90.0 90.0
opt_tol 0.0001
gtest_tol 1e-06
ref_energy 0
hess_central false
num_step_dist 0.001
num_step_angle 0.01
ensemble nve
time_step 1
print_step 1
velocitize false
temperature 300
pressure 1
thermostat_tau 1000
barostat_tau 10000
ligand 0
enable_pairwise false
print_pbc false


ENERGY MINIMIZATION JOB


    INITIAL STATE

    GEOMETRY (ANGSTROMS)

A01O1               -6.693900    -0.705300     2.203100
A02H2               -7.486763    -0.206378     2.281332
A03H3               -6.954530    -1.593217     2.037723
A01O1               -3.044600     1.421700     0.199400
A02H2               -3.803616     0.868273     0.235295
A03H3               -3.356434     2.304969     0.278587
A01O1               -1.944300    -2.076400     1.128700
A02H2               -1.008603    -1.991043     1.158038
A03H3               -2.291348    -1.368671     1.640903
A01O1               -5.523500    -4.155400     0.271100
A02H2               -5.481723    -4.842535    -0.369036
A03H3               -4.691889    -3.717879     0.245170


    RESTART DATA

fragment H2O_L
  -6.752851e+00  -7.270672e-01   2.198224e+00  -8.589684e-02   1.803526e-01  -1.124854e+00

fragment H2O_L
  -3.104522e+00   1.440157e+00   2.058397e-01  -2.145468e+00   3.035253e+00   2.867199e+00

fragment H2O_L
  -1.911361e+00  -2.032021e+00   1.159003e+00   4.686813e-02   6.162308e-01   2.553218e+00

fragment H2O_L
  -5.474627e+00  -4.169368e+00   2.338286e-01   5.110389e-01   8.015559e-01   6.039968e-01


    ENERGY COMPONENTS (ATOMIC UNITS)

          ELECTROSTATIC ENERGY    -0.0083178121
           POLARIZATION ENERGY    -0.0004586313
             DISPERSION ENERGY    -0.0009874026
     EXCHANGE REPULSION ENERGY     0.0002927284
          POINT CHARGES ENERGY     0.0000000000
     CHARGE PENETRATION ENERGY     0.0000000000

                  TOTAL ENERGY    -0.0094711176


                 ENERGY CHANGE     0.0000000000
                  RMS GRADIENT     0.0012700777
              MAXIMUM GRADIENT     0.0031388401


    STATE AFTER 1 STEPS

    GEOMETRY (ANGSTROMS)

A01O1               -6.629270    -0.695163     2.124678
A02H2               -7.480864    -1.093174     2.117699
A03H3               -6.032033    -1.340858     1.792921
A01O1               -3.071170     1.334872     0.276488
A02H2               -3.807498     0.751335     0.307795
A03H3               -3.418960     2.204970     0.351626
A01O1               -2.076525    -2.081189     1.073471
A02H2               -1.136567    -2.084654     1.061550
A03H3               -2.335499    -1.209730     1.312564
A01O1               -5.483522    -4.042452     0.353432
A02H2               -5.318007    -4.722356    -0.274270
A03H3               -4.685501    -3.551430     0.429155


    RESTART DATA

fragment H2O_L
  -6.643503e+00  -7.535665e-01   2.105723e+00   4.185707e-01   3.791345e-01  -6.223422e-01

fragment H2O_L
  -3.131835e+00   1.350907e+00   2.824444e-01  -2.129484e+00   3.042546e+00   2.842707e+00

fragment H2O_L
  -2.038418e+00  -2.032618e+00   1.086183e+00   4.310466e-02   2.647730e-01   2.450714e+00

fragment H2O_L
  -5.429605e+00  -4.053021e+00   3.225450e-01   4.636548e-01   7.438591e-01   7.616453e-01


    ENERGY COMPONENTS (ATOMIC UNITS)

          ELECTROSTATIC ENERGY    -0.0098610697
           POLARIZATION ENERGY    -0.0006945385
             DISPERSION ENERGY    -0.0013607387
     EXCHANGE REPULSION ENERGY     0.0007107801
          POINT CHARGES ENERGY     0.0000000000
     CHARGE PENETRATION ENERGY     0.0000000000

                  TOTAL ENERGY    -0.0112055667


                 ENERGY CHANGE    -0.0017344492
                  RMS GRADIENT     0.0026108669
              MAXIMUM GRADIENT     0.0049143148


    STATE AFTER 2 STEPS

    GEOMETRY (ANGSTROMS)

A01O1               -6.595365    -0.720779     2.083884
A02H2               -7.386269    -1.227862     2.052089
A03H3               -5.913415    -1.271507     1.744300
A01O1               -3.099946     1.272897     0.312244
A02H2               -3.947631     0.868246     0.349166
A03H3               -3.245447     2.199491     0.374908
A01O1               -2.152026    -2.055413     1.046700
A02H2               -1.248813    -2.314992     1.024356
A03H3               -2.156996    -1.121659     1.155116
A01O1               -5.434612    -3.971361     0.396332
A02H2               -5.419390    -4.686142    -0.214021
A03H3               -4.556348    -3.638696     0.437098


    RESTART DATA

fragment H2O_L
  -6.601461e+00  -7.799711e-01   2.063103e+00   4.896401e-01   3.984188e-01  -5.551101e-01

fragment H2O_L
  -3.155522e+00   1.302103e+00   3.178169e-01  -2.246477e+00   3.051421e+00   2.950531e+00

fragment H2O_L
  -2.101763e+00  -2.017688e+00   1.051516e+00  -7.428393e-02   1.159528e-01   2.292272e+00

fragment H2O_L
  -5.384614e+00  -3.992743e+00   3.644597e-01   3.133651e-01   7.280790e-01   7.076168e-01


    ENERGY COMPONENTS (ATOMIC UNITS)

          ELECTROSTATIC ENERGY    -0.0128986630
           POLARIZATION ENERGY    -0.0009637316
             DISPERSION ENERGY    -0.0016010012
     EXCHANGE REPULSION ENERGY     0.0010685972
          POINT CHARGES ENERGY     0.0000000000
     CHARGE PENETRATION ENERGY     0.0000000000

                  TOTAL ENERGY    -0.0143947985


                 ENERGY CHANGE    -0.0031892318
                  RMS GRADIENT     0.0017662664
              MAXIMUM GRADIENT     0.0030503796


    STATE AFTER 3 STEPS

    GEOMETRY (ANGSTROMS)

A01O1               -6.536876    -0.766773     2.016523
A02H2               -7.194556    -1.434001     1.939460
A03H3               -5.742309    -1.137149     1.677173
A01O1               -3.141247     1.169518     0.374802
A02H2               -4.070563     1.035247     0.419723
A03H3               -3.004715     2.098202     0.425593
A01O1               -2.270956    -2.017278     0.993102
A02H2               -1.458613    -2.487633     1.043487
A03H3               -2.046884    -1.115567     0.850329
A01O1               -5.360682    -3.853517     0.467060
A02H2               -5.478404    -4.575017    -0.123917
A03H3               -4.436852    -3.682042     0.495522


    RESTART DATA

fragment H2O_L
  -6.529217e+00  -8.248350e-01   1.993222e+00   6.078664e-01   4.210210e-01  -4.404429e-01

fragment H2O_L
  -3.185609e+00   1.213972e+00   3.801580e-01  -2.403247e+00   3.056429e+00   3.095733e+00

fragment H2O_L
  -2.212961e+00  -1.993140e+00   9.879323e-01   2.972554e+00   1.528872e-01  -1.002054e+00

fragment H2O_L
  -5.315574e+00  -3.884295e+00   4.355830e-01   1.478276e-01   7.037671e-01   6.892079e-01


    ENERGY COMPONENTS (ATOMIC UNITS)

          ELECTROSTATIC ENERGY    -0.0147667437
           POLARIZATION ENERGY    -0.0013249638
             DISPERSION ENERGY    -0.0021407058
     EXCHANGE REPULSION ENERGY     0.0018505921
          POINT CHARGES ENERGY     0.0000000000
     CHARGE PENETRATION ENERGY     0.0000000000

                  TOTAL ENERGY    -0.0163818212


                 ENERGY CHANGE    -0.0019870227
                  RMS GRADIENT     0.0025834145
              MAXIMUM GRADIENT     0.0067268840


    STATE AFTER 4 STEPS

    GEOMETRY (ANGSTROMS)

A01O1               -6.490978    -0.802613     1.977314
A02H2               -7.230467    -1.381333     1.933551
A03H3               -5.749186    -1.297168     1.679264
A01O1               -3.156528     1.104281     0.403168
A02H2               -4.093927     1.145675     0.460120
A03H3               -2.848367     1.990942     0.453608
A01O1               -2.342839    -2.001939     0.965420
A02H2               -1.487394    -2.384694     1.038815
A03H3               -2.211054    -1.100605     0.733247
A01O1               -5.316516    -3.775725     0.504501
A02H2               -5.473734    -4.490819    -0.085073
A03H3               -4.384790    -3.653842     0.531052


    RESTART DATA

fragment H2O_L
  -6.490849e+00  -8.626710e-01   1.958187e+00   5.378688e-01   3.546994e-01  -5.079547e-01

fragment H2O_L
  -3.191739e+00   1.156213e+00   4.091774e-01  -2.500225e+00   3.046007e+00  -3.096254e+00

fragment H2O_L
  -2.287596e+00  -1.972921e+00   9.565348e-01   3.032979e+00   2.497248e-01  -9.638307e-01

fragment H2O_L
  -5.273177e+00  -3.808920e+00   4.729961e-01   9.668622e-02   7.023937e-01   6.861327e-01


    ENERGY COMPONENTS (ATOMIC UNITS)

          ELECTROSTATIC ENERGY    -0.0175389154
           POLARIZATION ENERGY    -0.0018513637
             DISPERSION ENERGY    -0.0026257125
     EXCHANGE REPULSION ENERGY     0.0030686683
          POINT CHARGES ENERGY     0.0000000000
     CHARGE PENETRATION ENERGY     0.0000000000

                  TOTAL ENERGY    -0.0189473233


                 ENERGY CHANGE    -0.0025655020
                  RMS GRADIENT     0.0028600255
              MAXIMUM GRADIENT     0.0071481305


    STATE AFTER 5 STEPS

    GEOMETRY (ANGSTROMS)

A01O1               -6.371733    -0.897387     1.873967
A02H2               -7.285389    -1.117909     1.890617
A03H3               -5.910364    -1.693083     1.679849
A01O1               -3.185212     0.936053     0.467613
A02H2               -4.063371     1.253801     0.575072
A03H3               -2.622193     1.686198     0.530587
A01O1               -2.528575    -1.968382     0.902630
A02H2               -1.595024    -2.055713     0.969932
A03H3               -2.689692    -1.117011     0.538097
A01O1               -5.199185    -3.568153     0.601098
A02H2               -5.403201    -4.267434     0.006911
A03H3               -4.261323    -3.513555     0.634382


    RESTART DATA

fragment H2O_L
  -6.397042e+00  -9.542521e-01   1.864037e+00   3.190792e-01   2.123734e-01  -7.265284e-01

fragment H2O_L
  -3.202847e+00   9.958092e-01   4.771496e-01  -2.659479e+00   2.986807e+00  -2.948713e+00

fragment H2O_L
  -2.485352e+00  -1.925628e+00   8.859977e-01  -3.064459e+00   4.003946e-01  -8.271276e-01

fragment H2O_L
  -5.158121e+00  -3.604228e+00   5.697113e-01   1.665052e-02   7.067991e-01   6.969503e-01


    ENERGY COMPONENTS (ATOMIC UNITS)

          ELECTROSTATIC ENERGY    -0.0258397685
           POLARIZATION ENERGY    -0.0040868918
             DISPERSION ENERGY    -0.0046476735
     EXCHANGE REPULSION ENERGY     0.0104008293
          POINT CHARGES ENERGY     0.0000000000
     CHARGE PENETRATION ENERGY     0.0000000000

                  TOTAL ENERGY    -0.0241735044


                 ENERGY CHANGE    -0.0052261812
                  RMS GRADIENT     0.0034097569
              MAXIMUM GRADIENT     0.0064705954


    STATE AFTER 6 STEPS

    GEOMETRY (ANGSTROMS)

A01O1               -6.326273    -0.935991     1.827593
A02H2               -7.262243    -1.018363     1.856754
A03H3               -5.990063    -1.794570     1.644618
A01O1               -3.196754     0.882221     0.482094
A02H2               -4.060648     1.224412     0.624459
A03H3               -2.606867     1.609799     0.561708
A01O1               -2.605283    -1.982253     0.882063
A02H2               -1.666526    -1.983432     0.931150
A03H3               -2.851888    -1.142194     0.539774
A01O1               -5.149013    -3.473041     0.647924
A02H2               -5.291765    -4.182087     0.047466
A03H3               -4.217717    -3.360613     0.708935


    RESTART DATA

fragment H2O_L
  -6.359834e+00  -9.886441e-01   1.818986e+00   2.434948e-01   1.975139e-01  -8.011506e-01

fragment H2O_L
  -3.212087e+00   9.420830e-01   4.945150e-01  -2.678158e+00   2.938772e+00  -2.933136e+00

fragment H2O_L
  -2.566552e+00  -1.935311e+00   8.656561e-01  -3.010303e+00   3.767575e-01  -7.848148e-01

fragment H2O_L
  -5.104888e+00  -3.506426e+00   6.177383e-01   4.402181e-02   7.075397e-01   7.424218e-01


    ENERGY COMPONENTS (ATOMIC UNITS)

          ELECTROSTATIC ENERGY    -0.0310467117
           POLARIZATION ENERGY    -0.0056118265
             DISPERSION ENERGY    -0.0059212625
     EXCHANGE REPULSION ENERGY     0.0163267655
          POINT CHARGES ENERGY     0.0000000000
     CHARGE PENETRATION ENERGY     0.0000000000

                  TOTAL ENERGY    -0.0262530352


                 ENERGY CHANGE    -0.0020795308
                  RMS GRADIENT     0.0030374969
              MAXIMUM GRADIENT     0.0064557508


    STATE AFTER 7 STEPS

    GEOMETRY (ANGSTROMS)

A01O1               -6.276784    -0.935114     1.762098
A02H2               -7.215279    -0.954510     1.812345
A03H3               -6.007512    -1.796082     1.497710
A01O1               -3.217653     0.854800     0.472403
A02H2               -4.120892     0.981355     0.700038
A03H3               -2.784061     1.671045     0.643917
A01O1               -2.675498    -2.059471     0.875691
A02H2               -1.740466    -1.963116     0.885962
A03H3               -3.029500    -1.197944     0.748696
A01O1               -5.094350    -3.383044     0.710178
A02H2               -5.040623    -4.101174     0.105962
A03H3               -4.216302    -3.068160     0.826598


    RESTART DATA

fragment H2O_L
  -6.314232e+00  -9.843769e-01   1.750115e+00   2.034143e-01   2.864447e-01  -8.327306e-01

fragment H2O_L
  -3.243933e+00   9.075570e-01   4.947383e-01  -2.567305e+00   2.777270e+00  -3.036769e+00

fragment H2O_L
  -2.642985e+00  -2.005870e+00   8.691596e-01  -2.960421e+00   1.384779e-01  -7.216403e-01

fragment H2O_L
  -5.042211e+00  -3.405608e+00   6.828825e-01   1.961347e-01   7.017332e-01   8.354444e-01


    ENERGY COMPONENTS (ATOMIC UNITS)

          ELECTROSTATIC ENERGY    -0.0390512746
           POLARIZATION ENERGY    -0.0078446276
             DISPERSION ENERGY    -0.0075588398
     EXCHANGE REPULSION ENERGY     0.0265467544
          POINT CHARGES ENERGY     0.0000000000
     CHARGE PENETRATION ENERGY     0.0000000000

                  TOTAL ENERGY    -0.0279079876


                 ENERGY CHANGE    -0.0016549524
                  RMS GRADIENT     0.0039435516
              MAXIMUM GRADIENT     0.0074240820


    STATE AFTER 8 STEPS

    GEOMETRY (ANGSTROMS)

A01O1               -6.330316    -0.890632     1.815697
A02H2               -7.262241    -0.788720     1.885009
A03H3               -6.180073    -1.777742     1.543416
A01O1               -3.199191     0.925097     0.434031
A02H2               -4.116294     0.887431     0.636954
A03H3               -2.920528     1.801760     0.627635
A01O1               -2.551063    -2.045366     0.913121
A02H2               -1.612299    -1.996397     0.912955
A03H3               -2.862879    -1.158551     0.915101
A01O1               -5.168562    -3.509587     0.653440
A02H2               -5.162678    -4.214529     0.031591
A03H3               -4.278145    -3.218985     0.733327


    RESTART DATA

fragment H2O_L
  -6.374057e+00  -9.345696e-01   1.804340e+00   1.377739e-01   2.939843e-01  -8.996848e-01

fragment H2O_L
  -3.234916e+00   9.720447e-01   4.562199e-01  -2.472330e+00   2.781792e+00  -3.124009e+00

fragment H2O_L
  -2.515980e+00  -1.993002e+00   9.132224e-01   1.342228e-01   2.150508e-03   2.417085e+00

fragment H2O_L
  -5.118407e+00  -3.532772e+00   6.231133e-01   2.208088e-01   7.341324e-01   7.695929e-01


    ENERGY COMPONENTS (ATOMIC UNITS)

          ELECTROSTATIC ENERGY    -0.0307704714
           POLARIZATION ENERGY    -0.0051055615
             DISPERSION ENERGY    -0.0052141691
     EXCHANGE REPULSION ENERGY     0.0127886580
          POINT CHARGES ENERGY     0.0000000000
     CHARGE PENETRATION ENERGY     0.0000000000

                  TOTAL ENERGY    -0.0283015440


                 ENERGY CHANGE    -0.0003935564
                  RMS GRADIENT     0.0021075451
              MAXIMUM GRADIENT     0.0048385753


    STATE AFTER 9 STEPS

    GEOMETRY (ANGSTROMS)

A01O1               -6.304548    -0.886352     1.784844
A02H2               -7.231892    -1.034793     1.825754
A03H3               -5.922923    -1.680995     1.458378
A01O1               -3.222051     0.881939     0.465316
A02H2               -4.139562     0.857313     0.668398
A03H3               -2.931348     1.755105     0.657016
A01O1               -2.580333    -2.013174     0.894463
A02H2               -1.648691    -2.136589     0.916557
A03H3               -2.723045    -1.091349     0.778072
A01O1               -5.162408    -3.482378     0.682314
A02H2               -5.228900    -4.184591     0.060903
A03H3               -4.248051    -3.275546     0.751927


    RESTART DATA

fragment H2O_L
  -6.335085e+00  -9.391247e-01   1.768865e+00   2.748566e-01   3.595971e-01  -7.663895e-01

fragment H2O_L
  -3.257126e+00   9.294215e-01   4.874071e-01  -2.482336e+00   2.783418e+00  -3.120021e+00

fragment H2O_L
  -2.536186e+00  -1.968497e+00   8.891863e-01  -3.084638e+00   1.247095e-01  -8.325008e-01

fragment H2O_L
  -5.114964e+00  -3.510099e+00   6.514367e-01   1.403931e-01   7.360368e-01   7.529303e-01


    ENERGY COMPONENTS (ATOMIC UNITS)

          ELECTROSTATIC ENERGY    -0.0341778490
           POLARIZATION ENERGY    -0.0060819715
             DISPERSION ENERGY    -0.0058405735
     EXCHANGE REPULSION ENERGY     0.0162351313
          POINT CHARGES ENERGY     0.0000000000
     CHARGE PENETRATION ENERGY     0.0000000000

                  TOTAL ENERGY    -0.0298652627


                 ENERGY CHANGE    -0.0015637188
                  RMS GRADIENT     0.0014311932
              MAXIMUM GRADIENT     0.0027967734


    STATE AFTER 10 STEPS

    GEOMETRY (ANGSTROMS)

A01O1               -6.237280    -0.888253     1.709428
A02H2               -7.174082    -0.928579     1.776140
A03H3               -5.960818    -1.714090     1.355540
A01O1               -3.280313     0.794897     0.502478
A02H2               -4.182856     0.726964     0.756398
A03H3               -2.998847     1.656502     0.751656
A01O1               -2.623171    -2.003384     0.870643
A02H2               -1.698165    -2.167979     0.901428
A03H3               -2.723587    -1.079149     0.731433
A01O1               -5.124111    -3.403274     0.740607
A02H2               -5.198568    -4.081647     0.094123
A03H3               -4.208367    -3.202696     0.810284


    RESTART DATA

fragment H2O_L
  -6.274231e+00  -9.367210e-01   1.693358e+00   2.180320e-01   3.879035e-01  -8.311392e-01

fragment H2O_L
  -3.315067e+00   8.393093e-01   5.306305e-01  -2.469707e+00   2.678568e+00  -3.134539e+00

fragment H2O_L
  -2.577029e+00  -1.960877e+00   8.645760e-01  -3.097550e+00   1.489385e-01  -8.649230e-01

fragment H2O_L
  -5.077035e+00  -3.430010e+00   7.083303e-01   1.395111e-01   7.739728e-01   7.486419e-01


    ENERGY COMPONENTS (ATOMIC UNITS)

          ELECTROSTATIC ENERGY    -0.0405169680
           POLARIZATION ENERGY    -0.0084708892
             DISPERSION ENERGY    -0.0074096525
     EXCHANGE REPULSION ENERGY     0.0247735080
          POINT CHARGES ENERGY     0.0000000000
     CHARGE PENETRATION ENERGY     0.0000000000

                  TOTAL ENERGY    -0.0316240017


                 ENERGY CHANGE    -0.0017587389
                  RMS GRADIENT     0.0016109203
              MAXIMUM GRADIENT     0.0035837332


    STATE AFTER 11 STEPS

    GEOMETRY (ANGSTROMS)

A01O1               -6.061318    -0.813173     1.517341
A02H2               -6.978215    -0.646841     1.641072
A03H3               -5.997035    -1.663783     1.122366
A01O1               -3.491452     0.605920     0.594671
A02H2               -4.306856     0.289926     0.939544
A03H3               -3.306877     1.410124     1.045072
A01O1               -2.626883    -2.026682     0.832982
A02H2               -1.721032    -2.275815     0.865239
A03H3               -2.641428    -1.094042     0.716169
A01O1               -5.081197    -3.268911     0.862637
A02H2               -5.041471    -3.848395     0.123520
A03H3               -4.216246    -2.916894     0.970425


    RESTART DATA

fragment H2O_L
  -6.109029e+00  -8.514634e-01   1.502163e+00   1.111997e-01   4.338752e-01  -9.608537e-01

fragment H2O_L
  -3.526751e+00   6.332389e-01   6.391721e-01  -2.369410e+00   2.352791e+00   3.042624e+00

fragment H2O_L
  -2.577008e+00  -1.988435e+00   8.282506e-01  -3.132275e+00   1.245881e-01  -9.221677e-01

fragment H2O_L
  -5.030573e+00  -3.281640e+00   8.273098e-01   2.980665e-01   9.176163e-01   7.872906e-01


    ENERGY COMPONENTS (ATOMIC UNITS)

          ELECTROSTATIC ENERGY    -0.0541662704
           POLARIZATION ENERGY    -0.0142117796
             DISPERSION ENERGY    -0.0110397766
     EXCHANGE REPULSION ENERGY     0.0450949428
          POINT CHARGES ENERGY     0.0000000000
     CHARGE PENETRATION ENERGY     0.0000000000

                  TOTAL ENERGY    -0.0343228837


                 ENERGY CHANGE    -0.0026988821
                  RMS GRADIENT     0.0034071797
              MAXIMUM GRADIENT     0.0082869884


    STATE AFTER 12 STEPS

    GEOMETRY (ANGSTROMS)

A01O1               -6.003686    -0.727248     1.476141
A02H2               -6.888911    -0.436131     1.599842
A03H3               -6.056996    -1.608427     1.153099
A01O1               -3.609668     0.555776     0.639006
A02H2               -4.422631     0.218243     0.968912
A03H3               -3.437445     1.346706     1.116964
A01O1               -2.553733    -2.050427     0.816891
A02H2               -1.654817    -2.322749     0.855181
A03H3               -2.543498    -1.119973     0.683379
A01O1               -5.090442    -3.289880     0.871782
A02H2               -4.995071    -3.815477     0.098266
A03H3               -4.262487    -2.866153     1.008235


    RESTART DATA

fragment H2O_L
  -6.056204e+00  -7.602662e-01   1.464987e+00   5.109002e-02   3.528133e-01  -1.033093e+00

fragment H2O_L
  -3.645523e+00   5.811472e-01   6.842123e-01  -2.382836e+00   2.332116e+00   3.005310e+00

fragment H2O_L
  -2.502859e+00  -2.013599e+00   8.115630e-01   3.135514e+00   1.425126e-01  -9.332661e-01

fragment H2O_L
  -5.038775e+00  -3.295581e+00   8.361333e-01   3.734414e-01   9.752351e-01   8.186576e-01


    ENERGY COMPONENTS (ATOMIC UNITS)

          ELECTROSTATIC ENERGY    -0.0530683360
           POLARIZATION ENERGY    -0.0136004647
             DISPERSION ENERGY    -0.0108425637
     EXCHANGE REPULSION ENERGY     0.0412800962
          POINT CHARGES ENERGY     0.0000000000
     CHARGE PENETRATION ENERGY     0.0000000000

                  TOTAL ENERGY    -0.0362312683


                 ENERGY CHANGE    -0.0019083846
                  RMS GRADIENT     0.0022571513
              MAXIMUM GRADIENT     0.0045323733


    STATE AFTER 13 STEPS

    GEOMETRY (ANGSTROMS)

A01O1               -6.054425    -0.723638     1.534981
A02H2               -6.958072    -0.483069     1.631016
A03H3               -6.047085    -1.622409     1.259606
A01O1               -3.565555     0.609983     0.616794
A02H2               -4.412273     0.328616     0.912728
A03H3               -3.397712     1.433600     1.037696
A01O1               -2.522449    -2.056036     0.825107
A02H2               -1.603327    -2.250370     0.858635
A03H3               -2.592597    -1.129053     0.685615
A01O1               -5.111497    -3.343784     0.831419
A02H2               -5.045716    -3.894179     0.072200
A03H3               -4.262276    -2.960162     0.955249


    RESTART DATA

fragment H2O_L
  -6.104580e+00  -7.604696e-01   1.524946e+00   8.069103e-02   2.980385e-01  -9.977331e-01

fragment H2O_L
  -3.603543e+00   6.403257e-01   6.569067e-01  -2.413267e+00   2.444760e+00   3.011875e+00

fragment H2O_L
  -2.474943e+00  -2.015038e+00   8.191779e-01  -3.110046e+00   1.490817e-01  -8.849003e-01

fragment H2O_L
  -5.060295e+00  -3.353117e+00   7.958647e-01   3.292692e-01   9.507233e-01   8.049768e-01


    ENERGY COMPONENTS (ATOMIC UNITS)

          ELECTROSTATIC ENERGY    -0.0480452870
           POLARIZATION ENERGY    -0.0113282370
             DISPERSION ENERGY    -0.0091022326
     EXCHANGE REPULSION ENERGY     0.0311075360
          POINT CHARGES ENERGY     0.0000000000
     CHARGE PENETRATION ENERGY     0.0000000000

                  TOTAL ENERGY    -0.0373682206


                 ENERGY CHANGE    -0.0011369523
                  RMS GRADIENT     0.0015415336
              MAXIMUM GRADIENT     0.0042222344


    STATE AFTER 14 STEPS

    GEOMETRY (ANGSTROMS)

A01O1               -6.033767    -0.673070     1.524747
A02H2               -6.966722    -0.574616     1.584547
A03H3               -5.875724    -1.572773     1.302865
A01O1               -3.605595     0.578833     0.637700
A02H2               -4.445730     0.238835     0.887199
A03H3               -3.518081     1.410658     1.066750
A01O1               -2.495066    -2.060974     0.809974
A02H2               -1.556416    -2.106069     0.833982
A03H3               -2.713593    -1.158119     0.665841
A01O1               -5.109610    -3.346441     0.841912
A02H2               -5.202555    -3.872396     0.068344
A03H3               -4.197134    -3.130207     0.907524


    RESTART DATA

fragment H2O_L
  -6.077129e+00  -7.179058e-01   1.515677e+00   1.603765e-01   2.383038e-01  -9.152659e-01

fragment H2O_L
  -3.647710e+00   6.063547e-01   6.756695e-01  -2.395427e+00   2.480341e+00   2.946118e+00

fragment H2O_L
  -2.454770e+00  -2.012976e+00   8.032522e-01  -3.025419e+00   1.550550e-01  -8.085381e-01

fragment H2O_L
  -5.063752e+00  -3.363772e+00   8.022961e-01   1.874962e-01   9.975229e-01   7.255762e-01


    ENERGY COMPONENTS (ATOMIC UNITS)

          ELECTROSTATIC ENERGY    -0.0500962265
           POLARIZATION ENERGY    -0.0121454528
             DISPERSION ENERGY    -0.0093705273
     EXCHANGE REPULSION ENERGY     0.0338395575
          POINT CHARGES ENERGY     0.0000000000
     CHARGE PENETRATION ENERGY     0.0000000000

                  TOTAL ENERGY    -0.0377726491


                 ENERGY CHANGE    -0.0004044285
                  RMS GRADIENT     0.0025371089
              MAXIMUM GRADIENT     0.0069569570


    STATE AFTER 15 STEPS

    GEOMETRY (ANGSTROMS)

A01O1               -6.035818    -0.688243     1.526416
A02H2               -6.962390    -0.542741     1.589421
A03H3               -5.924024    -1.596437     1.311105
A01O1               -3.607697     0.584810     0.631277
A02H2               -4.467580     0.318542     0.902157
A03H3               -3.444719     1.413886     1.043279
A01O1               -2.499244    -2.063823     0.811304
A02H2               -1.563367    -2.149421     0.833269
A03H3               -2.679159    -1.148680     0.693750
A01O1               -5.104187    -3.339012     0.843185
A02H2               -5.196724    -3.864382     0.069170
A03H3               -4.191867    -3.122188     0.909022


    RESTART DATA

fragment H2O_L
  -6.081411e+00  -7.309209e-01   1.517894e+00   1.337346e-01   2.311101e-01  -9.393514e-01

fragment H2O_L
  -3.646694e+00   6.163030e-01   6.694897e-01  -2.443507e+00   2.481157e+00   2.988171e+00

fragment H2O_L
  -2.456942e+00  -2.017404e+00   8.059550e-01  -3.047224e+00   1.260005e-01  -8.294274e-01

fragment H2O_L
  -5.058314e+00  -3.356277e+00   8.035567e-01   1.880722e-01   9.983407e-01   7.258175e-01


    ENERGY COMPONENTS (ATOMIC UNITS)

          ELECTROSTATIC ENERGY    -0.0502021368
           POLARIZATION ENERGY    -0.0123236323
             DISPERSION ENERGY    -0.0093402666
     EXCHANGE REPULSION ENERGY     0.0335220563
          POINT CHARGES ENERGY     0.0000000000
     CHARGE PENETRATION ENERGY     0.0000000000

                  TOTAL ENERGY    -0.0383439794


                 ENERGY CHANGE    -0.0005713303
                  RMS GRADIENT     0.0005729791
              MAXIMUM GRADIENT     0.0015724832


    STATE AFTER 16 STEPS

    GEOMETRY (ANGSTROMS)

A01O1               -6.033211    -0.689264     1.522625
A02H2               -6.962023    -0.557982     1.583844
A03H3               -5.907109    -1.595546     1.307159
A01O1               -3.612749     0.582149     0.630039
A02H2               -4.473888     0.326188     0.906801
A03H3               -3.434941     1.406656     1.045066
A01O1               -2.499503    -2.067056     0.810498
A02H2               -1.563614    -2.153266     0.829327
A03H3               -2.679366    -1.149874     0.710000
A01O1               -5.102890    -3.332230     0.848068
A02H2               -5.195511    -3.852128     0.070378
A03H3               -4.191047    -3.113348     0.913702


    RESTART DATA

fragment H2O_L
  -6.078129e+00  -7.326314e-01   1.513994e+00   1.404108e-01   2.312662e-01  -9.304944e-01

fragment H2O_L
  -3.650986e+00   6.139634e-01   6.687501e-01  -2.453298e+00   2.471583e+00   2.993137e+00

fragment H2O_L
  -2.457197e+00  -2.020557e+00   8.059280e-01  -3.046965e+00   1.076358e-01  -8.299451e-01

fragment H2O_L
  -5.057048e+00  -3.349074e+00   8.082234e-01   1.912179e-01   1.005968e+00   7.251542e-01


    ENERGY COMPONENTS (ATOMIC UNITS)

          ELECTROSTATIC ENERGY    -0.0507123857
           POLARIZATION ENERGY    -0.0125676815
             DISPERSION ENERGY    -0.0094551256
     EXCHANGE REPULSION ENERGY     0.0343257561
          POINT CHARGES ENERGY     0.0000000000
     CHARGE PENETRATION ENERGY     0.0000000000

                  TOTAL ENERGY    -0.0384094366


                 ENERGY CHANGE    -0.0000654572
                  RMS GRADIENT     0.0003484759
              MAXIMUM GRADIENT     0.0008934813


    STATE AFTER 17 STEPS

    GEOMETRY (ANGSTROMS)

A01O1               -6.032764    -0.686063     1.518842
A02H2               -6.964361    -0.573546     1.574892
A03H3               -5.886970    -1.591291     1.311525
A01O1               -3.622069     0.576323     0.627058
A02H2               -4.487155     0.333809     0.903621
A03H3               -3.429103     1.394892     1.047038
A01O1               -2.494273    -2.073897     0.805708
A02H2               -1.556264    -2.134640     0.816844
A03H3               -2.700030    -1.158883     0.741775
A01O1               -5.098285    -3.323529     0.858932
A02H2               -5.218237    -3.821207     0.070513
A03H3               -4.180646    -3.126295     0.911015


    RESTART DATA

fragment H2O_L
  -6.076736e+00  -7.304208e-01   1.510378e+00   1.471254e-01   2.223863e-01  -9.161434e-01

fragment H2O_L
  -3.659679e+00   6.085576e-01   6.660352e-01  -2.474377e+00   2.465589e+00   2.988725e+00

fragment H2O_L
  -2.453298e+00  -2.026094e+00   8.027537e-01  -3.032703e+00   6.849382e-02  -8.163581e-01

fragment H2O_L
  -5.053648e+00  -3.340341e+00   8.177283e-01   1.787408e-01   1.034705e+00   7.068920e-01


    ENERGY COMPONENTS (ATOMIC UNITS)

          ELECTROSTATIC ENERGY    -0.0512345097
           POLARIZATION ENERGY    -0.0128531385
             DISPERSION ENERGY    -0.0095669668
     EXCHANGE REPULSION ENERGY     0.0351903145
          POINT CHARGES ENERGY     0.0000000000
     CHARGE PENETRATION ENERGY     0.0000000000

                  TOTAL ENERGY    -0.0384643004


                 ENERGY CHANGE    -0.0000548638
                  RMS GRADIENT     0.0002838790
              MAXIMUM GRADIENT     0.0005161716


    STATE AFTER 18 STEPS

    GEOMETRY (ANGSTROMS)

A01O1               -6.040795    -0.683482     1.522701
A02H2               -6.975281    -0.595015     1.573531
A03H3               -5.870376    -1.585855     1.321813
A01O1               -3.621764     0.572377     0.624927
A02H2               -4.492074     0.336477     0.890607
A03H3               -3.428494     1.390326     1.045975
A01O1               -2.489990    -2.075046     0.796652
A02H2               -1.552449    -2.142685     0.807419
A03H3               -2.689060    -1.158321     0.736143
A01O1               -5.096053    -3.321099     0.867132
A02H2               -5.216385    -3.801350     0.068037
A03H3               -4.179420    -3.119411     0.919860


    RESTART DATA

fragment H2O_L
  -6.083550e+00  -7.290264e-01   1.514304e+00   1.556296e-01   2.154631e-01  -8.980841e-01

fragment H2O_L
  -3.659650e+00   6.049473e-01   6.633544e-01  -2.493063e+00   2.474957e+00   2.973889e+00

fragment H2O_L
  -2.448667e+00  -2.027533e+00   7.938688e-01  -3.036142e+00   6.479286e-02  -8.202377e-01

fragment H2O_L
  -5.051494e+00  -3.336687e+00   8.253676e-01   1.849430e-01   1.057986e+00   7.068157e-01


    ENERGY COMPONENTS (ATOMIC UNITS)

          ELECTROSTATIC ENERGY    -0.0511874982
           POLARIZATION ENERGY    -0.0128235006
             DISPERSION ENERGY    -0.0095347836
     EXCHANGE REPULSION ENERGY     0.0350414006
          POINT CHARGES ENERGY     0.0000000000
     CHARGE PENETRATION ENERGY     0.0000000000

                  TOTAL ENERGY    -0.0385043817


                 ENERGY CHANGE    -0.0000400813
                  RMS GRADIENT     0.0002863709
              MAXIMUM GRADIENT     0.0007011294


    STATE AFTER 19 STEPS

    GEOMETRY (ANGSTROMS)

A01O1               -6.051700    -0.679126     1.525807
A02H2               -6.986881    -0.595260     1.571381
A03H3               -5.875355    -1.583151     1.337880
A01O1               -3.623711     0.563188     0.623636
A02H2               -4.499571     0.328998     0.872029
A03H3               -3.435744     1.378726     1.051702
A01O1               -2.482607    -2.077443     0.779756
A02H2               -1.545115    -2.145837     0.789974
A03H3               -2.680996    -1.160354     0.722632
A01O1               -5.090155    -3.315531     0.883072
A02H2               -5.211506    -3.765768     0.066840
A03H3               -4.175187    -3.106807     0.937330


    RESTART DATA

fragment H2O_L
  -6.094162e+00  -7.250201e-01   1.517841e+00   1.505354e-01   2.014446e-01  -8.871349e-01

fragment H2O_L
  -3.662204e+00   5.957190e-01   6.614890e-01  -2.518727e+00   2.482625e+00   2.945400e+00

fragment H2O_L
  -2.441249e+00  -2.029952e+00   7.771311e-01  -3.035938e+00   6.115650e-02  -8.212078e-01

fragment H2O_L
  -5.045746e+00  -3.329045e+00   8.404337e-01   1.946528e-01   1.097254e+00   7.073022e-01


    ENERGY COMPONENTS (ATOMIC UNITS)

          ELECTROSTATIC ENERGY    -0.0512908265
           POLARIZATION ENERGY    -0.0128725337
             DISPERSION ENERGY    -0.0095406167
     EXCHANGE REPULSION ENERGY     0.0351515525
          POINT CHARGES ENERGY     0.0000000000
     CHARGE PENETRATION ENERGY     0.0000000000

                  TOTAL ENERGY    -0.0385524243


                 ENERGY CHANGE    -0.0000480426
                  RMS GRADIENT     0.0002750588
              MAXIMUM GRADIENT     0.0007074737


    STATE AFTER 20 STEPS

    GEOMETRY (ANGSTROMS)

A01O1               -6.082157    -0.668152     1.533362
A02H2               -7.018857    -0.594553     1.562532
A03H3               -5.891794    -1.578563     1.397021
A01O1               -3.626535     0.541786     0.621340
A02H2               -4.505460     0.290810     0.840832
A03H3               -3.453944     1.339127     1.088390
A01O1               -2.462467    -2.078136     0.729854
A02H2               -1.525910    -2.158571     0.737884
A03H3               -2.649243    -1.157832     0.687064
A01O1               -5.077084    -3.303532     0.925414
A02H2               -5.203707    -3.697492     0.081355
A03H3               -4.160319    -3.106328     0.991193


    RESTART DATA

fragment H2O_L
  -6.123920e+00  -7.149778e-01   1.527365e+00   1.344344e-01   1.459212e-01  -8.574632e-01

fragment H2O_L
  -3.666060e+00   5.723596e-01   6.597574e-01  -2.563997e+00   2.458362e+00   2.878048e+00

fragment H2O_L
  -2.420511e+00  -2.031139e+00   7.279086e-01  -3.039577e+00   4.575459e-02  -8.302832e-01

fragment H2O_L
  -5.032870e+00  -3.314542e+00   8.818639e-01   1.815730e-01   1.163027e+00   7.186989e-01


    ENERGY COMPONENTS (ATOMIC UNITS)

          ELECTROSTATIC ENERGY    -0.0511247960
           POLARIZATION ENERGY    -0.0127890626
             DISPERSION ENERGY    -0.0094773989
     EXCHANGE REPULSION ENERGY     0.0347864676
          POINT CHARGES ENERGY     0.0000000000
     CHARGE PENETRATION ENERGY     0.0000000000

                  TOTAL ENERGY    -0.0386047900


                 ENERGY CHANGE    -0.0000523656
                  RMS GRADIENT     0.0004215066
              MAXIMUM GRADIENT     0.0010839958


    STATE AFTER 21 STEPS

    GEOMETRY (ANGSTROMS)

A01O1               -6.097917    -0.668950     1.535783
A02H2               -7.032995    -0.576171     1.562171
A03H3               -5.925703    -1.584474     1.409951
A01O1               -3.626417     0.534560     0.620204
A02H2               -4.507756     0.284121     0.830436
A03H3               -3.447786     1.314954     1.112902
A01O1               -2.454450    -2.086339     0.698230
A02H2               -1.515984    -2.140275     0.705100
A03H3               -2.667229    -1.171532     0.659129
A01O1               -5.068184    -3.290791     0.953996
A02H2               -5.174004    -3.663904     0.097687
A03H3               -4.158010    -3.070782     1.036784


    RESTART DATA

fragment H2O_L
  -6.140605e+00  -7.149889e-01   1.530219e+00   1.099158e-01   1.346459e-01  -8.530653e-01

fragment H2O_L
  -3.665739e+00   5.642150e-01   6.595386e-01  -2.594372e+00   2.431828e+00   2.849502e+00

fragment H2O_L
  -2.413843e+00  -2.038167e+00   6.964266e-01  -3.023635e+00   4.186240e-02  -8.179188e-01

fragment H2O_L
  -5.023175e+00  -3.299358e+00   9.107114e-01   2.016100e-01   1.188437e+00   7.374679e-01


    ENERGY COMPONENTS (ATOMIC UNITS)

          ELECTROSTATIC ENERGY    -0.0512365097
           POLARIZATION ENERGY    -0.0128400579
             DISPERSION ENERGY    -0.0094943500
     EXCHANGE REPULSION ENERGY     0.0349309357
          POINT CHARGES ENERGY     0.0000000000
     CHARGE PENETRATION ENERGY     0.0000000000

                  TOTAL ENERGY    -0.0386399819


                 ENERGY CHANGE    -0.0000351919
                  RMS GRADIENT     0.0003255769
              MAXIMUM GRADIENT     0.0007578917


    STATE AFTER 22 STEPS

    GEOMETRY (ANGSTROMS)

A01O1               -6.093910    -0.666752     1.533956
A02H2               -7.029052    -0.574985     1.561553
A03H3               -5.920960    -1.581289     1.402104
A01O1               -3.630524     0.535647     0.623025
A02H2               -4.510976     0.287197     0.839246
A03H3               -3.445489     1.313520     1.117343
A01O1               -2.454732    -2.086819     0.696447
A02H2               -1.516132    -2.138234     0.704300
A03H3               -2.669893    -1.172837     0.651551
A01O1               -5.068048    -3.292505     0.954732
A02H2               -5.177828    -3.675896     0.103477
A03H3               -4.155249    -3.082842     1.035442


    RESTART DATA

fragment H2O_L
  -6.136560e+00  -7.127923e-01   1.528123e+00   1.103935e-01   1.411345e-01  -8.526429e-01

fragment H2O_L
  -3.669438e+00   5.652724e-01   6.627847e-01  -2.592145e+00   2.424354e+00   2.856691e+00

fragment H2O_L
  -2.414250e+00  -2.038552e+00   6.943740e-01  -3.021786e+00   4.807559e-02  -8.171291e-01

fragment H2O_L
  -5.023113e+00  -3.302227e+00   9.116140e-01   1.897489e-01   1.174890e+00   7.355918e-01


    ENERGY COMPONENTS (ATOMIC UNITS)

          ELECTROSTATIC ENERGY    -0.0512932305
           POLARIZATION ENERGY    -0.0128747560
             DISPERSION ENERGY    -0.0095068615
     EXCHANGE REPULSION ENERGY     0.0350085617
          POINT CHARGES ENERGY     0.0000000000
     CHARGE PENETRATION ENERGY     0.0000000000

                  TOTAL ENERGY    -0.0386662863


                 ENERGY CHANGE    -0.0000263044
                  RMS GRADIENT     0.0001858994
              MAXIMUM GRADIENT     0.0004088373


    STATE AFTER 23 STEPS

    GEOMETRY (ANGSTROMS)

A01O1               -6.097084    -0.661183     1.534076
A02H2               -7.032683    -0.573777     1.560334
A03H3               -5.919707    -1.574683     1.400922
A01O1               -3.637837     0.533152     0.626957
A02H2               -4.518446     0.288885     0.847264
A03H3               -3.437596     1.294796     1.140256
A01O1               -2.450195    -2.090652     0.670932
A02H2               -1.511120    -2.132440     0.679059
A03H3               -2.674690    -1.179031     0.623778
A01O1               -5.062839    -3.290141     0.974705
A02H2               -5.171598    -3.683353     0.127811
A03H3               -4.147980    -3.091236     1.059231


    RESTART DATA

fragment H2O_L
  -6.139512e+00  -7.074093e-01   1.528094e+00   1.026084e-01   1.426848e-01  -8.401192e-01

fragment H2O_L
  -3.675908e+00   5.621029e-01   6.680075e-01  -2.607870e+00   2.394170e+00   2.851188e+00

fragment H2O_L
  -2.410209e+00  -2.041978e+00   6.687484e-01  -3.014198e+00   5.051104e-02  -8.144805e-01

fragment H2O_L
  -5.017731e+00  -3.301014e+00   9.320451e-01   1.748122e-01   1.160582e+00   7.406100e-01


    ENERGY COMPONENTS (ATOMIC UNITS)

          ELECTROSTATIC ENERGY    -0.0512676155
           POLARIZATION ENERGY    -0.0128837061
             DISPERSION ENERGY    -0.0095004546
     EXCHANGE REPULSION ENERGY     0.0349542832
          POINT CHARGES ENERGY     0.0000000000
     CHARGE PENETRATION ENERGY     0.0000000000

                  TOTAL ENERGY    -0.0386974931


                 ENERGY CHANGE    -0.0000312068
                  RMS GRADIENT     0.0001626484
              MAXIMUM GRADIENT     0.0003972323


    STATE AFTER 24 STEPS

    GEOMETRY (ANGSTROMS)

A01O1               -6.103069    -0.656801     1.537921
A02H2               -7.039343    -0.576133     1.561534
A03H3               -5.918736    -1.569109     1.406044
A01O1               -3.642168     0.530823     0.629984
A02H2               -4.523570     0.287918     0.848624
A03H3               -3.430979     1.273474     1.166215
A01O1               -2.447910    -2.094811     0.635332
A02H2               -1.508464    -2.127379     0.642711
A03H3               -2.681403    -1.185257     0.592140
A01O1               -5.055434    -3.285981     1.001624
A02H2               -5.161431    -3.696263     0.162513
A03H3               -4.139932    -3.090682     1.087581


    RESTART DATA

fragment H2O_L
  -6.145146e+00  -7.033379e-01   1.531863e+00   9.128015e-02   1.415687e-01  -8.213810e-01

fragment H2O_L
  -3.679672e+00   5.587877e-01   6.722249e-01  -2.628038e+00   2.362559e+00   2.836596e+00

fragment H2O_L
  -2.408407e+00  -2.045737e+00   6.333279e-01  -3.005896e+00   4.627138e-02  -8.129302e-01

fragment H2O_L
  -5.010137e+00  -3.298011e+00   9.594798e-01   1.678331e-01   1.138852e+00   7.432593e-01


    ENERGY COMPONENTS (ATOMIC UNITS)

          ELECTROSTATIC ENERGY    -0.0512111299
           POLARIZATION ENERGY    -0.0128722781
             DISPERSION ENERGY    -0.0094874103
     EXCHANGE REPULSION ENERGY     0.0348461052
          POINT CHARGES ENERGY     0.0000000000
     CHARGE PENETRATION ENERGY     0.0000000000

                  TOTAL ENERGY    -0.0387247131


                 ENERGY CHANGE    -0.0000272200
                  RMS GRADIENT     0.0001829581
              MAXIMUM GRADIENT     0.0005175766


    STATE AFTER 25 STEPS

    GEOMETRY (ANGSTROMS)

A01O1               -6.108064    -0.655965     1.544878
A02H2               -7.044177    -0.572629     1.565425
A03H3               -5.925872    -1.569214     1.416587
A01O1               -3.646613     0.528941     0.632457
A02H2               -4.532852     0.301392     0.848041
A03H3               -3.414502     1.249053     1.190345
A01O1               -2.448402    -2.098999     0.589256
A02H2               -1.508918    -2.130854     0.594784
A03H3               -2.682720    -1.189180     0.557625
A01O1               -5.046020    -3.279185     1.036506
A02H2               -5.156625    -3.714960     0.210951
A03H3               -4.129998    -3.081853     1.111591


    RESTART DATA

fragment H2O_L
  -6.150251e+00  -7.024052e-01   1.538849e+00   6.927043e-02   1.380106e-01  -8.019534e-01

fragment H2O_L
  -3.683216e+00   5.565040e-01   6.757389e-01  -2.663417e+00   2.332947e+00   2.821802e+00

fragment H2O_L
  -2.408942e+00  -2.049870e+00   5.877953e-01  -3.001010e+00   3.386551e-02  -8.169752e-01

fragment H2O_L
  -5.000951e+00  -3.292528e+00   9.945119e-01   1.723400e-01   1.109502e+00   7.317162e-01


    ENERGY COMPONENTS (ATOMIC UNITS)

          ELECTROSTATIC ENERGY    -0.0511538238
           POLARIZATION ENERGY    -0.0128991117
             DISPERSION ENERGY    -0.0094874112
     EXCHANGE REPULSION ENERGY     0.0347936457
          POINT CHARGES ENERGY     0.0000000000
     CHARGE PENETRATION ENERGY     0.0000000000

                  TOTAL ENERGY    -0.0387467011


                 ENERGY CHANGE    -0.0000219880
                  RMS GRADIENT     0.0004694900
              MAXIMUM GRADIENT     0.0010786102


    STATE AFTER 26 STEPS

    GEOMETRY (ANGSTROMS)

A01O1               -6.112922    -0.652299     1.554410
A02H2               -7.050188    -0.581981     1.570593
A03H3               -5.917442    -1.563275     1.429567
A01O1               -3.648335     0.527387     0.635883
A02H2               -4.536466     0.296983     0.840362
A03H3               -3.413685     1.224439     1.221317
A01O1               -2.451890    -2.102971     0.535667
A02H2               -1.512119    -2.125209     0.538678
A03H3               -2.695628    -1.195242     0.518458
A01O1               -5.035861    -3.273816     1.075278
A02H2               -5.152233    -3.746086     0.270857
A03H3               -4.119346    -3.073555     1.135025


    RESTART DATA

fragment H2O_L
  -6.154430e+00  -6.993402e-01   1.548330e+00   5.233232e-02   1.348823e-01  -7.707712e-01

fragment H2O_L
  -3.684902e+00   5.534996e-01   6.800846e-01  -2.687204e+00   2.300242e+00   2.795260e+00

fragment H2O_L
  -2.412942e+00  -2.053421e+00   5.348725e-01  -2.990495e+00   1.842165e-02  -8.171858e-01

fragment H2O_L
  -4.991087e+00  -3.289037e+00   1.033608e+00   1.799779e-01   1.066639e+00   7.150535e-01


    ENERGY COMPONENTS (ATOMIC UNITS)

          ELECTROSTATIC ENERGY    -0.0511200593
           POLARIZATION ENERGY    -0.0128978167
             DISPERSION ENERGY    -0.0094750633
     EXCHANGE REPULSION ENERGY     0.0347058578
          POINT CHARGES ENERGY     0.0000000000
     CHARGE PENETRATION ENERGY     0.0000000000

                  TOTAL ENERGY    -0.0387870815


                 ENERGY CHANGE    -0.0000403804
                  RMS GRADIENT     0.0003045368
              MAXIMUM GRADIENT     0.0007776513


    STATE AFTER 27 STEPS

    GEOMETRY (ANGSTROMS)

A01O1               -6.112542    -0.650561     1.567783
A02H2               -7.050417    -0.587887     1.579469
A03H3               -5.909028    -1.560535     1.448600
A01O1               -3.646446     0.527009     0.638968
A02H2               -4.536851     0.291983     0.827694
A03H3               -3.417500     1.207551     1.245697
A01O1               -2.464273    -2.104399     0.478568
A02H2               -1.524455    -2.124793     0.477999
A03H3               -2.709840    -1.197007     0.481734
A01O1               -5.024477    -3.270071     1.114946
A02H2               -5.161115    -3.789805     0.343660
A03H3               -4.108033    -3.061785     1.135459


    RESTART DATA

fragment H2O_L
  -6.153635e+00  -6.979736e-01   1.561767e+00   2.891974e-02   1.294578e-01  -7.388493e-01

fragment H2O_L
  -3.683460e+00   5.519386e-01   6.834801e-01  -2.706713e+00   2.280077e+00   2.766949e+00

fragment H2O_L
  -2.425425e+00  -2.054765e+00   4.787133e-01   1.580412e-01   3.387113e-03   2.319453e+00

fragment H2O_L
  -4.980841e+00  -3.287499e+00   1.072934e+00   2.098992e-01   1.014247e+00   6.681035e-01


    ENERGY COMPONENTS (ATOMIC UNITS)

          ELECTROSTATIC ENERGY    -0.0512619760
           POLARIZATION ENERGY    -0.0129809986
             DISPERSION ENERGY    -0.0095007500
     EXCHANGE REPULSION ENERGY     0.0348991842
          POINT CHARGES ENERGY     0.0000000000
     CHARGE PENETRATION ENERGY     0.0000000000

                  TOTAL ENERGY    -0.0388445403


                 ENERGY CHANGE    -0.0000574588
                  RMS GRADIENT     0.0002526959
              MAXIMUM GRADIENT     0.0008060000


    STATE AFTER 28 STEPS

    GEOMETRY (ANGSTROMS)

A01O1               -6.104215    -0.647801     1.593349
A02H2               -7.042753    -0.594848     1.597451
A03H3               -5.890369    -1.557722     1.493409
A01O1               -3.641705     0.526818     0.644493
A02H2               -4.535674     0.286562     0.808113
A03H3               -3.423678     1.185281     1.278972
A01O1               -2.492794    -2.102640     0.378794
A02H2               -1.553347    -2.135020     0.370675
A03H3               -2.726449    -1.193044     0.420206
A01O1               -5.006525    -3.267594     1.182043
A02H2               -5.189789    -3.871849     0.485649
A03H3               -4.094865    -3.049640     1.110993


    RESTART DATA

fragment H2O_L
  -6.144767e+00  -6.957547e-01   1.587986e+00  -1.678296e-02   1.098402e-01  -6.822185e-01

fragment H2O_L
  -3.679529e+00   5.502194e-01   6.891525e-01  -2.734183e+00   2.255637e+00   2.725857e+00

fragment H2O_L
  -2.453300e+00  -2.053553e+00   3.806573e-01   1.619133e-01   4.424473e-02   2.302638e+00

fragment H2O_L
  -4.965766e+00  -3.289210e+00   1.139099e+00   2.919456e-01   9.239543e-01   5.475438e-01


    ENERGY COMPONENTS (ATOMIC UNITS)

          ELECTROSTATIC ENERGY    -0.0514838891
           POLARIZATION ENERGY    -0.0131168312
             DISPERSION ENERGY    -0.0095362094
     EXCHANGE REPULSION ENERGY     0.0351939519
          POINT CHARGES ENERGY     0.0000000000
     CHARGE PENETRATION ENERGY     0.0000000000

                  TOTAL ENERGY    -0.0389429778


                 ENERGY CHANGE    -0.0000984375
                  RMS GRADIENT     0.0003667094
              MAXIMUM GRADIENT     0.0009187761


    STATE AFTER 29 STEPS

    GEOMETRY (ANGSTROMS)

A01O1               -6.092068    -0.638165     1.621318
A02H2               -7.031090    -0.594502     1.618887
A03H3               -5.868668    -1.547710     1.540726
A01O1               -3.637412     0.527836     0.650596
A02H2               -4.532040     0.284596     0.806001
A03H3               -3.413403     1.153567     1.315392
A01O1               -2.534035    -2.103803     0.263829
A02H2               -1.595786    -2.158767     0.245331
A03H3               -2.744626    -1.191595     0.348695
A01O1               -4.979634    -3.269493     1.260631
A02H2               -5.217101    -3.951545     0.658893
A03H3               -4.087366    -3.044818     1.068140


    RESTART DATA

fragment H2O_L
  -6.132112e+00  -6.866173e-01   1.616673e+00  -7.503529e-02   9.028289e-02  -6.137136e-01

fragment H2O_L
  -3.674938e+00   5.492389e-01   6.964923e-01  -2.751370e+00   2.209353e+00   2.706561e+00

fragment H2O_L
  -2.493317e+00  -2.055834e+00   2.675424e-01   1.598395e-01   9.060502e-02   2.279967e+00

fragment H2O_L
  -4.942993e+00  -3.295087e+00   1.216188e+00   4.289810e-01   8.567321e-01   3.680069e-01


    ENERGY COMPONENTS (ATOMIC UNITS)

          ELECTROSTATIC ENERGY    -0.0514876100
           POLARIZATION ENERGY    -0.0131860249
             DISPERSION ENERGY    -0.0095096105
     EXCHANGE REPULSION ENERGY     0.0351121677
          POINT CHARGES ENERGY     0.0000000000
     CHARGE PENETRATION ENERGY     0.0000000000

                  TOTAL ENERGY    -0.0390710778


                 ENERGY CHANGE    -0.0001280999
                  RMS GRADIENT     0.0004169173
              MAXIMUM GRADIENT     0.0010125024


    STATE AFTER 30 STEPS

    GEOMETRY (ANGSTROMS)

A01O1               -6.067657    -0.641185     1.641170
A02H2               -7.006077    -0.586182     1.637154
A03H3               -5.855344    -1.555277     1.586090
A01O1               -3.633796     0.530708     0.658451
A02H2               -4.525940     0.291834     0.833646
A03H3               -3.383893     1.135779     1.333071
A01O1               -2.578561    -2.104729     0.185592
A02H2               -1.639650    -2.147316     0.168061
A03H3               -2.801300    -1.195075     0.266780
A01O1               -4.960981    -3.265305     1.308404
A02H2               -5.223583    -3.999798     0.783777
A03H3               -4.088493    -3.044150     1.037241


    RESTART DATA

fragment H2O_L
  -6.108288e+00  -6.892573e-01   1.637863e+00  -1.268344e-01   6.251601e-02  -5.739786e-01

fragment H2O_L
  -3.669734e+00   5.511994e-01   7.060044e-01  -2.749261e+00   2.172829e+00   2.727291e+00

fragment H2O_L
  -2.538486e+00  -2.056211e+00   1.891540e-01   1.710090e-01   8.668040e-02   2.282066e+00

fragment H2O_L
  -4.926853e+00  -3.294030e+00   1.263874e+00   5.373949e-01   8.129003e-01   2.339680e-01


    ENERGY COMPONENTS (ATOMIC UNITS)

          ELECTROSTATIC ENERGY    -0.0522542429
           POLARIZATION ENERGY    -0.0134988292
             DISPERSION ENERGY    -0.0096843995
     EXCHANGE REPULSION ENERGY     0.0362946435
          POINT CHARGES ENERGY     0.0000000000
     CHARGE PENETRATION ENERGY     0.0000000000

                  TOTAL ENERGY    -0.0391428280


                 ENERGY CHANGE    -0.0000717503
                  RMS GRADIENT     0.0005136365
              MAXIMUM GRADIENT     0.0012602683


    STATE AFTER 31 STEPS

    GEOMETRY (ANGSTROMS)

A01O1               -6.050193    -0.638141     1.659842
A02H2               -6.988962    -0.589596     1.654328
A03H3               -5.831576    -1.551192     1.612724
A01O1               -3.628172     0.534917     0.656754
A02H2               -4.513537     0.296673     0.864221
A03H3               -3.347990     1.127132     1.330886
A01O1               -2.620672    -2.103217     0.131926
A02H2               -1.685216    -2.192510     0.106946
A03H3               -2.796819    -1.185638     0.235348
A01O1               -4.944383    -3.270132     1.343370
A02H2               -5.214517    -4.040394     0.877110
A03H3               -4.107179    -3.027165     0.991615


    RESTART DATA

fragment H2O_L
  -6.090491e+00  -6.865166e-01   1.656897e+00  -1.597645e-01   5.431527e-02  -5.341437e-01

fragment H2O_L
  -3.662036e+00   5.547241e-01   7.060861e-01  -2.733137e+00   2.140916e+00   2.764457e+00

fragment H2O_L
  -2.578183e+00  -2.056868e+00   1.363155e-01   1.471407e-01   1.103403e-01   2.255460e+00

fragment H2O_L
  -4.912651e+00  -3.299638e+00   1.297596e+00   6.696055e-01   8.186146e-01   1.043632e-01


    ENERGY COMPONENTS (ATOMIC UNITS)

          ELECTROSTATIC ENERGY    -0.0526300755
           POLARIZATION ENERGY    -0.0137287490
             DISPERSION ENERGY    -0.0097606439
     EXCHANGE REPULSION ENERGY     0.0369017243
          POINT CHARGES ENERGY     0.0000000000
     CHARGE PENETRATION ENERGY     0.0000000000

                  TOTAL ENERGY    -0.0392177441


                 ENERGY CHANGE    -0.0000749160
                  RMS GRADIENT     0.0003977759
              MAXIMUM GRADIENT     0.0010802185


    STATE AFTER 32 STEPS

    GEOMETRY (ANGSTROMS)

A01O1               -6.047476    -0.635891     1.670057
A02H2               -6.986001    -0.582894     1.663993
A03H3               -5.833200    -1.550165     1.626877
A01O1               -3.627749     0.535362     0.658096
A02H2               -4.512913     0.298395     0.867872
A03H3               -3.337100     1.108820     1.343912
A01O1               -2.634129    -2.104544     0.088358
A02H2               -1.699350    -2.199701     0.059930
A03H3               -2.803935    -1.187138     0.203278
A01O1               -4.934102    -3.268947     1.373464
A02H2               -5.208300    -4.056089     0.938841
A03H3               -4.104414    -3.034439     0.998900


    RESTART DATA

fragment H2O_L
  -6.088003e+00  -6.840860e-01   1.667302e+00  -1.851237e-01   5.021295e-02  -5.135248e-01

fragment H2O_L
  -3.661016e+00   5.541909e-01   7.082113e-01  -2.741117e+00   2.114729e+00   2.763036e+00

fragment H2O_L
  -2.591323e+00  -2.058533e+00   9.319817e-02   1.465518e-01   1.226374e-01   2.249394e+00

fragment H2O_L
  -4.903018e+00  -3.299871e+00   1.328184e+00   7.081751e-01   8.030769e-01   5.548153e-02


    ENERGY COMPONENTS (ATOMIC UNITS)

          ELECTROSTATIC ENERGY    -0.0521982654
           POLARIZATION ENERGY    -0.0135636112
             DISPERSION ENERGY    -0.0096563119
     EXCHANGE REPULSION ENERGY     0.0361799936
          POINT CHARGES ENERGY     0.0000000000
     CHARGE PENETRATION ENERGY     0.0000000000

                  TOTAL ENERGY    -0.0392381949


                 ENERGY CHANGE    -0.0000204508
                  RMS GRADIENT     0.0003025545
              MAXIMUM GRADIENT     0.0006999243


    STATE AFTER 33 STEPS

    GEOMETRY (ANGSTROMS)

A01O1               -6.048309    -0.636689     1.676086
A02H2               -6.984871    -0.556188     1.669337
A03H3               -5.860815    -1.556424     1.625010
A01O1               -3.626661     0.536507     0.654279
A02H2               -4.509294     0.298973     0.873849
A03H3               -3.325047     1.101409     1.342457
A01O1               -2.640606    -2.107127     0.074798
A02H2               -1.704834    -2.192049     0.046623
A03H3               -2.820430    -1.191910     0.191914
A01O1               -4.926083    -3.268692     1.385457
A02H2               -5.204586    -4.050395     0.943811
A03H3               -4.103840    -3.025165     1.000380


    RESTART DATA

fragment H2O_L
  -6.090225e+00  -6.836506e-01   1.672850e+00  -2.071374e-01   5.921647e-02  -5.207961e-01

fragment H2O_L
  -3.659174e+00   5.548252e-01   7.050743e-01  -2.738206e+00   2.098579e+00   2.772963e+00

fragment H2O_L
  -2.598305e+00  -2.060666e+00   7.977498e-02   1.504073e-01   1.250278e-01   2.256461e+00

fragment H2O_L
  -4.895657e+00  -3.298807e+00   1.339196e+00   7.151836e-01   8.255472e-01   5.115703e-02


    ENERGY COMPONENTS (ATOMIC UNITS)

          ELECTROSTATIC ENERGY    -0.0520421410
           POLARIZATION ENERGY    -0.0135517754
             DISPERSION ENERGY    -0.0096169258
     EXCHANGE REPULSION ENERGY     0.0359551379
          POINT CHARGES ENERGY     0.0000000000
     CHARGE PENETRATION ENERGY     0.0000000000

                  TOTAL ENERGY    -0.0392557042


                 ENERGY CHANGE    -0.0000175094
                  RMS GRADIENT     0.0002591396
              MAXIMUM GRADIENT     0.0006686357


    STATE AFTER 34 STEPS

    GEOMETRY (ANGSTROMS)

A01O1               -6.043890    -0.638157     1.681224
A02H2               -6.980980    -0.564063     1.674363
A03H3               -5.850142    -1.556770     1.633398
A01O1               -3.626107     0.536468     0.653723
A02H2               -4.508130     0.300482     0.877375
A03H3               -3.319984     1.100048     1.340994
A01O1               -2.648825    -2.106027     0.063388
A02H2               -1.713507    -2.195794     0.035164
A03H3               -2.823917    -1.189778     0.179596
A01O1               -4.923659    -3.267401     1.391746
A02H2               -5.201182    -4.054184     0.958587
A03H3               -4.102847    -3.025751     1.002453


    RESTART DATA

fragment H2O_L
  -6.085486e+00  -6.854141e-01   1.678164e+00  -2.102141e-01   5.568617e-02  -5.108895e-01

fragment H2O_L
  -3.658333e+00   5.547993e-01   7.046964e-01  -2.737835e+00   2.095703e+00   2.777710e+00

fragment H2O_L
  -2.606285e+00  -2.059779e+00   6.831134e-02   1.476285e-01   1.240412e-01   2.254072e+00

fragment H2O_L
  -4.893258e+00  -3.297905e+00   1.345724e+00   7.253046e-01   8.194143e-01   3.988891e-02


    ENERGY COMPONENTS (ATOMIC UNITS)

          ELECTROSTATIC ENERGY    -0.0521742758
           POLARIZATION ENERGY    -0.0136077847
             DISPERSION ENERGY    -0.0096496873
     EXCHANGE REPULSION ENERGY     0.0361626085
          POINT CHARGES ENERGY     0.0000000000
     CHARGE PENETRATION ENERGY     0.0000000000

                  TOTAL ENERGY    -0.0392691392


                 ENERGY CHANGE    -0.0000134350
                  RMS GRADIENT     0.0001712707
              MAXIMUM GRADIENT     0.0003733088


    STATE AFTER 35 STEPS

    GEOMETRY (ANGSTROMS)

A01O1               -6.033855    -0.640795     1.696637
A02H2               -6.971597    -0.575532     1.689181
A03H3               -5.831465    -1.557693     1.651783
A01O1               -3.625337     0.536559     0.648870
A02H2               -4.504235     0.300370     0.884302
A03H3               -3.309473     1.098593     1.332992
A01O1               -2.668619    -2.104398     0.036979
A02H2               -1.733952    -2.200681     0.008678
A03H3               -2.837314    -1.186927     0.153011
A01O1               -4.915788    -3.265542     1.407137
A02H2               -5.194465    -4.056251     0.981939
A03H3               -4.100437    -3.022616     1.007307


    RESTART DATA

fragment H2O_L
  -6.075003e+00  -6.884507e-01   1.693710e+00  -2.204536e-01   5.269265e-02  -4.912250e-01

fragment H2O_L
  -3.656843e+00   5.547927e-01   7.003263e-01  -2.731282e+00   2.088245e+00   2.791512e+00

fragment H2O_L
  -2.625757e+00  -2.058446e+00   4.188796e-02   1.417220e-01   1.238480e-01   2.253007e+00

fragment H2O_L
  -4.885757e+00  -3.296194e+00   1.360971e+00   7.413629e-01   8.222023e-01   2.300382e-02


    ENERGY COMPONENTS (ATOMIC UNITS)

          ELECTROSTATIC ENERGY    -0.0524358052
           POLARIZATION ENERGY    -0.0137392234
             DISPERSION ENERGY    -0.0097141858
     EXCHANGE REPULSION ENERGY     0.0365972815
          POINT CHARGES ENERGY     0.0000000000
     CHARGE PENETRATION ENERGY     0.0000000000

                  TOTAL ENERGY    -0.0392919329


                 ENERGY CHANGE    -0.0000227937
                  RMS GRADIENT     0.0001650502
              MAXIMUM GRADIENT     0.0003778932


    STATE AFTER 36 STEPS

    GEOMETRY (ANGSTROMS)

A01O1               -6.015744    -0.645004     1.726144
A02H2               -6.953908    -0.586218     1.717914
A03H3               -5.807016    -1.560592     1.683647
A01O1               -3.627113     0.537050     0.636054
A02H2               -4.500458     0.302864     0.893154
A03H3               -3.296179     1.105093     1.307980
A01O1               -2.699466    -2.102019     0.002964
A02H2               -1.766133    -2.210503    -0.025239
A03H3               -2.856178    -1.182406     0.118849
A01O1               -4.902338    -3.264352     1.424851
A02H2               -5.191042    -4.049229     0.995556
A03H3               -4.095156    -3.017371     1.011170


    RESTART DATA

fragment H2O_L
  -6.056562e+00  -6.929489e-01   1.723305e+00  -2.367297e-01   5.048199e-02  -4.680325e-01

fragment H2O_L
  -3.657465e+00   5.557319e-01   6.880397e-01  -2.717450e+00   2.087200e+00   2.819134e+00

fragment H2O_L
  -2.656009e+00  -2.056630e+00   7.870367e-03   1.281184e-01   1.236923e-01   2.253557e+00

fragment H2O_L
  -4.873325e+00  -3.294452e+00   1.377680e+00   7.461231e-01   8.457332e-01   1.385947e-02


    ENERGY COMPONENTS (ATOMIC UNITS)

          ELECTROSTATIC ENERGY    -0.0528943790
           POLARIZATION ENERGY    -0.0139986708
             DISPERSION ENERGY    -0.0098330167
     EXCHANGE REPULSION ENERGY     0.0373999907
          POINT CHARGES ENERGY     0.0000000000
     CHARGE PENETRATION ENERGY     0.0000000000

                  TOTAL ENERGY    -0.0393260758


                 ENERGY CHANGE    -0.0000341429
                  RMS GRADIENT     0.0002894665
              MAXIMUM GRADIENT     0.0005805780


    STATE AFTER 37 STEPS

    GEOMETRY (ANGSTROMS)

A01O1               -5.967606    -0.645209     1.813981
A02H2               -6.906762    -0.605943     1.803080
A03H3               -5.739836    -1.556502     1.777369
A01O1               -3.635049     0.540542     0.603917
A02H2               -4.488282     0.295227     0.912931
A03H3               -3.269529     1.108763     1.257518
A01O1               -2.781317    -2.103472    -0.128068
A02H2               -1.848645    -2.216575    -0.159799
A03H3               -2.932664    -1.185941     0.009426
A01O1               -4.861639    -3.265181     1.499534
A02H2               -5.170686    -4.052008     1.088355
A03H3               -4.094609    -3.001336     1.024429


    RESTART DATA

fragment H2O_L
  -6.007413e+00  -6.940054e-01   1.811322e+00  -2.991811e-01   4.552441e-02  -3.847502e-01

fragment H2O_L
  -3.662340e+00   5.586114e-01   6.577823e-01  -2.677213e+00   2.055681e+00   2.879874e+00

fragment H2O_L
  -2.737596e+00  -2.058459e+00  -1.221494e-01   1.094499e-01   1.470013e-01   2.266644e+00

fragment H2O_L
  -4.836012e+00  -3.294446e+00   1.449940e+00   8.066716e-01   9.075210e-01  -5.391974e-02


    ENERGY COMPONENTS (ATOMIC UNITS)

          ELECTROSTATIC ENERGY    -0.0526870263
           POLARIZATION ENERGY    -0.0139753275
             DISPERSION ENERGY    -0.0097692979
     EXCHANGE REPULSION ENERGY     0.0370866641
          POINT CHARGES ENERGY     0.0000000000
     CHARGE PENETRATION ENERGY     0.0000000000

                  TOTAL ENERGY    -0.0393449875


                 ENERGY CHANGE    -0.0000189117
                  RMS GRADIENT     0.0007280272
              MAXIMUM GRADIENT     0.0017013764


    STATE AFTER 38 STEPS

    GEOMETRY (ANGSTROMS)

A01O1               -5.957391    -0.646718     1.826956
A02H2               -6.896279    -0.601484     1.816080
A03H3               -5.735379    -1.559313     1.787534
A01O1               -3.643009     0.540560     0.591548
A02H2               -4.494559     0.303695     0.911599
A03H3               -3.278895     1.135514     1.221727
A01O1               -2.780984    -2.101588    -0.099769
A02H2               -1.848977    -2.220852    -0.128282
A03H3               -2.926867    -1.181614     0.026885
A01O1               -4.863216    -3.269630     1.473536
A02H2               -5.196608    -4.022884     1.020619
A03H3               -4.089477    -3.003027     1.011015


    RESTART DATA

fragment H2O_L
  -5.997506e+00  -6.952529e-01   1.824142e+00  -2.886844e-01   4.853416e-02  -4.015841e-01

fragment H2O_L
  -3.670285e+00   5.605982e-01   6.447203e-01  -2.662027e+00   2.089630e+00   2.902064e+00

fragment H2O_L
  -2.736995e+00  -2.056782e+00  -9.427687e-02   9.739312e-02   1.353826e-01   2.272521e+00

fragment H2O_L
  -4.838576e+00  -3.296862e+00   1.422310e+00   7.489638e-01   9.488410e-01  -7.850130e-03


    ENERGY COMPONENTS (ATOMIC UNITS)

          ELECTROSTATIC ENERGY    -0.0534340898
           POLARIZATION ENERGY    -0.0143691458
             DISPERSION ENERGY    -0.0099538007
     EXCHANGE REPULSION ENERGY     0.0383391781
          POINT CHARGES ENERGY     0.0000000000
     CHARGE PENETRATION ENERGY     0.0000000000

                  TOTAL ENERGY    -0.0394178581


                 ENERGY CHANGE    -0.0000728706
                  RMS GRADIENT     0.0003829333
              MAXIMUM GRADIENT     0.0008081695


    STATE AFTER 39 STEPS

    GEOMETRY (ANGSTROMS)

A01O1               -5.936412    -0.642817     1.861837
A02H2               -6.874767    -0.587659     1.850864
A03H3               -5.724093    -1.557822     1.824930
A01O1               -3.652529     0.542349     0.578271
A02H2               -4.495620     0.307570     0.921419
A03H3               -3.274330     1.144595     1.193039
A01O1               -2.803893    -2.103260    -0.134390
A02H2               -1.872956    -2.230256    -0.164459
A03H3               -2.941817    -1.183234     0.000529
A01O1               -4.850410    -3.273876     1.486588
A02H2               -5.208111    -4.026514     1.051546
A03H3               -4.096899    -3.013003     0.988751


    RESTART DATA

fragment H2O_L
  -5.977039e+00  -6.909322e-01   1.859158e+00  -3.157924e-01   4.588302e-02  -3.850632e-01

fragment H2O_L
  -3.678543e+00   5.629118e-01   6.318735e-01  -2.645231e+00   2.087685e+00   2.932515e+00

fragment H2O_L
  -2.759518e+00  -2.058884e+00  -1.285225e-01   8.648514e-02   1.442976e-01   2.274872e+00

fragment H2O_L
  -4.828261e+00  -3.301394e+00   1.434386e+00   7.675902e-01   9.777647e-01  -5.032632e-02


    ENERGY COMPONENTS (ATOMIC UNITS)

          ELECTROSTATIC ENERGY    -0.0532355583
           POLARIZATION ENERGY    -0.0143220191
             DISPERSION ENERGY    -0.0099005613
     EXCHANGE REPULSION ENERGY     0.0379960183
          POINT CHARGES ENERGY     0.0000000000
     CHARGE PENETRATION ENERGY     0.0000000000

                  TOTAL ENERGY    -0.0394621205


                 ENERGY CHANGE    -0.0000442624
                  RMS GRADIENT     0.0002786775
              MAXIMUM GRADIENT     0.0005566162


    STATE AFTER 40 STEPS

    GEOMETRY (ANGSTROMS)

A01O1               -5.898674    -0.637687     1.924051
A02H2               -6.836932    -0.581180     1.911651
A03H3               -5.687616    -1.552998     1.887529
A01O1               -3.668246     0.544828     0.552256
A02H2               -4.495157     0.308875     0.932019
A03H3               -3.275556     1.166971     1.137412
A01O1               -2.841423    -2.105664    -0.185699
A02H2               -1.910494    -2.232538    -0.216512
A03H3               -2.979213    -1.187423    -0.038996
A01O1               -4.833092    -3.280608     1.502346
A02H2               -5.221561    -4.026271     1.081926
A03H3               -4.110762    -3.017550     0.961315


    RESTART DATA

fragment H2O_L
  -5.939367e+00  -6.857435e-01   1.921314e+00  -3.488123e-01   4.631194e-02  -3.534479e-01

fragment H2O_L
  -3.692544e+00   5.664386e-01   6.062502e-01  -2.607545e+00   2.091550e+00   2.983640e+00

fragment H2O_L
  -2.797041e+00  -2.061381e+00  -1.792142e-01   7.303200e-02   1.571466e-01   2.288181e+00

fragment H2O_L
  -4.814410e+00  -3.307613e+00   1.448545e+00   7.855590e-01   1.030040e+00  -9.359531e-02


    ENERGY COMPONENTS (ATOMIC UNITS)

          ELECTROSTATIC ENERGY    -0.0530699625
           POLARIZATION ENERGY    -0.0142850370
             DISPERSION ENERGY    -0.0098454323
     EXCHANGE REPULSION ENERGY     0.0377015727
          POINT CHARGES ENERGY     0.0000000000
     CHARGE PENETRATION ENERGY     0.0000000000

                  TOTAL ENERGY    -0.0394988591


                 ENERGY CHANGE    -0.0000367386
                  RMS GRADIENT     0.0002831257
              MAXIMUM GRADIENT     0.0007811458


    STATE AFTER 41 STEPS

    GEOMETRY (ANGSTROMS)

A01O1               -5.860462    -0.633555     1.986705
A02H2               -6.798293    -0.571506     1.969453
A03H3               -5.654401    -1.549577     1.940701
A01O1               -3.687662     0.545199     0.526121
A02H2               -4.495424     0.307372     0.944013
A03H3               -3.278736     1.182778     1.082851
A01O1               -2.870115    -2.107572    -0.231214
A02H2               -1.938748    -2.231362    -0.261303
A03H3               -3.010994    -1.190798    -0.078397
A01O1               -4.822883    -3.283825     1.511587
A02H2               -5.229305    -4.029758     1.108997
A03H3               -4.116355    -3.029382     0.946122


    RESTART DATA

fragment H2O_L
  -5.901410e+00  -6.813409e-01   1.983166e+00  -3.801041e-01   5.935282e-02  -3.278443e-01

fragment H2O_L
  -3.709980e+00   5.675684e-01   5.806584e-01  -2.570378e+00   2.086062e+00   3.035398e+00

fragment H2O_L
  -2.825882e+00  -2.063199e+00  -2.243461e-01   6.268689e-02   1.639372e-01   2.301787e+00

fragment H2O_L
  -4.806090e+00  -3.311327e+00   1.457417e+00   7.950049e-01   1.047577e+00  -1.252389e-01


    ENERGY COMPONENTS (ATOMIC UNITS)

          ELECTROSTATIC ENERGY    -0.0528481526
           POLARIZATION ENERGY    -0.0142304907
             DISPERSION ENERGY    -0.0097795088
     EXCHANGE REPULSION ENERGY     0.0373085909
          POINT CHARGES ENERGY     0.0000000000
     CHARGE PENETRATION ENERGY     0.0000000000

                  TOTAL ENERGY    -0.0395495611


                 ENERGY CHANGE    -0.0000507020
                  RMS GRADIENT     0.0003356222
              MAXIMUM GRADIENT     0.0005669160


    STATE AFTER 42 STEPS

    GEOMETRY (ANGSTROMS)

A01O1               -5.764711    -0.618525     2.138257
A02H2               -6.700984    -0.544925     2.097627
A03H3               -5.566025    -1.532119     2.040562
A01O1               -3.755841     0.537464     0.455920
A02H2               -4.503290     0.300464     0.974404
A03H3               -3.317395     1.226122     0.921956
A01O1               -2.892686    -2.117188    -0.267832
A02H2               -1.958019    -2.215129    -0.289771
A03H3               -3.060288    -1.203367    -0.124599
A01O1               -4.829118    -3.287146     1.471537
A02H2               -5.262613    -4.016983     1.067687
A03H3               -4.134063    -3.036761     0.890262


    RESTART DATA

fragment H2O_L
  -5.805984e+00  -6.655287e-01   2.130517e+00  -4.188045e-01   1.288783e-01  -2.994156e-01

fragment H2O_L
  -3.773132e+00   5.627379e-01   5.110109e-01  -2.459505e+00   2.076689e+00  -3.101751e+00

fragment H2O_L
  -2.849763e+00  -2.071533e+00  -2.610444e-01   4.620555e-02   1.543508e-01   2.346796e+00

fragment H2O_L
  -4.814482e+00  -3.313975e+00   1.416412e+00   7.784761e-01   1.081133e+00  -1.339614e-01


    ENERGY COMPONENTS (ATOMIC UNITS)

          ELECTROSTATIC ENERGY    -0.0530848726
           POLARIZATION ENERGY    -0.0144284573
             DISPERSION ENERGY    -0.0098020373
     EXCHANGE REPULSION ENERGY     0.0376941186
          POINT CHARGES ENERGY     0.0000000000
     CHARGE PENETRATION ENERGY     0.0000000000

                  TOTAL ENERGY    -0.0396212487


                 ENERGY CHANGE    -0.0000716876
                  RMS GRADIENT     0.0004561710
              MAXIMUM GRADIENT     0.0008112725


    STATE AFTER 43 STEPS

    GEOMETRY (ANGSTROMS)

A01O1               -5.735124    -0.632880     2.191693
A02H2               -6.668805    -0.532433     2.148979
A03H3               -5.562606    -1.551954     2.095698
A01O1               -3.767371     0.527521     0.436669
A02H2               -4.475066     0.279203     1.003397
A03H3               -3.306805     1.219776     0.875231
A01O1               -2.914504    -2.112245    -0.330525
A02H2               -1.977971    -2.191805    -0.346331
A03H3               -3.101087    -1.198280    -0.214203
A01O1               -4.825932    -3.268451     1.499657
A02H2               -5.264095    -4.006168     1.115651
A03H3               -4.137102    -3.030559     0.905859


    RESTART DATA

fragment H2O_L
  -5.777717e+00  -6.786878e-01   2.183931e+00  -4.669463e-01   1.284831e-01  -2.798881e-01

fragment H2O_L
  -3.781200e+00   5.523626e-01   4.929226e-01  -2.421513e+00   2.029702e+00  -3.046481e+00

fragment H2O_L
  -2.872539e+00  -2.065554e+00  -3.249002e-01   4.894535e-02   1.255000e-01   2.364451e+00

fragment H2O_L
  -4.811905e+00  -3.296420e+00   1.444942e+00   7.898679e-01   1.074183e+00  -1.591883e-01


    ENERGY COMPONENTS (ATOMIC UNITS)

          ELECTROSTATIC ENERGY    -0.0527511098
           POLARIZATION ENERGY    -0.0142543461
             DISPERSION ENERGY    -0.0097200821
     EXCHANGE REPULSION ENERGY     0.0370737412
          POINT CHARGES ENERGY     0.0000000000
     CHARGE PENETRATION ENERGY     0.0000000000

                  TOTAL ENERGY    -0.0396517968


                 ENERGY CHANGE    -0.0000305481
                  RMS GRADIENT     0.0004517389
              MAXIMUM GRADIENT     0.0009581355


    STATE AFTER 44 STEPS

    GEOMETRY (ANGSTROMS)

A01O1               -5.792853    -0.631333     2.092376
A02H2               -6.728433    -0.546168     2.059033
A03H3               -5.606722    -1.548492     2.003778
A01O1               -3.746200     0.527141     0.476928
A02H2               -4.492503     0.265221     0.984969
A03H3               -3.309928     1.196506     0.972196
A01O1               -2.855409    -2.111248    -0.241136
A02H2               -1.920259    -2.205173    -0.259751
A03H3               -3.027604    -1.194326    -0.125908
A01O1               -4.850246    -3.267378     1.467662
A02H2               -5.259005    -4.004168     1.050850
A03H3               -4.120875    -3.026980     0.925535


    RESTART DATA

fragment H2O_L
  -5.834790e+00  -6.778892e-01   2.085552e+00  -4.043430e-01   1.145621e-01  -3.269016e-01

fragment H2O_L
  -3.763549e+00   5.499403e-01   5.330705e-01  -2.470187e+00   2.042559e+00  -3.132066e+00

fragment H2O_L
  -2.812716e+00  -2.065195e+00  -2.357294e-01   5.967626e-02   1.238580e-01   2.338200e+00

fragment H2O_L
  -4.832306e+00  -3.295155e+00   1.414002e+00   7.600678e-01   1.026316e+00  -9.747624e-02


    ENERGY COMPONENTS (ATOMIC UNITS)

          ELECTROSTATIC ENERGY    -0.0538071562
           POLARIZATION ENERGY    -0.0147222086
             DISPERSION ENERGY    -0.0099905156
     EXCHANGE REPULSION ENERGY     0.0388453932
          POINT CHARGES ENERGY     0.0000000000
     CHARGE PENETRATION ENERGY     0.0000000000

                  TOTAL ENERGY    -0.0396744872


                 ENERGY CHANGE    -0.0000226904
                  RMS GRADIENT     0.0002640204
              MAXIMUM GRADIENT     0.0005680870


    STATE AFTER 45 STEPS

    GEOMETRY (ANGSTROMS)

A01O1               -5.770747    -0.630505     2.135401
A02H2               -6.706533    -0.549650     2.097431
A03H3               -5.579652    -1.546125     2.041606
A01O1               -3.754016     0.529298     0.456478
A02H2               -4.491412     0.281898     0.984412
A03H3               -3.311826     1.215051     0.923260
A01O1               -2.881954    -2.112207    -0.268780
A02H2               -1.947947    -2.216796    -0.287903
A03H3               -3.043573    -1.194208    -0.146993
A01O1               -4.838146    -3.272124     1.474722
A02H2               -5.258225    -3.995946     1.046598
A03H3               -4.123698    -3.014652     0.920694


    RESTART DATA

fragment H2O_L
  -5.812418e+00  -6.772165e-01   2.128027e+00  -4.192379e-01   1.230278e-01  -3.070012e-01

fragment H2O_L
  -3.770535e+00   5.538274e-01   5.121398e-01  -2.450812e+00   2.057171e+00  -3.095623e+00

fragment H2O_L
  -2.838733e+00  -2.066690e+00  -2.630352e-01   4.350293e-02   1.310270e-01   2.342856e+00

fragment H2O_L
  -4.821674e+00  -3.298219e+00   1.419763e+00   7.593430e-01   1.067397e+00  -9.563092e-02


    ENERGY COMPONENTS (ATOMIC UNITS)

          ELECTROSTATIC ENERGY    -0.0534374428
           POLARIZATION ENERGY    -0.0145865551
             DISPERSION ENERGY    -0.0098920063
     EXCHANGE REPULSION ENERGY     0.0382229897
          POINT CHARGES ENERGY     0.0000000000
     CHARGE PENETRATION ENERGY     0.0000000000

                  TOTAL ENERGY    -0.0396930145


                 ENERGY CHANGE    -0.0000185273
                  RMS GRADIENT     0.0001603218
              MAXIMUM GRADIENT     0.0004022628


    STATE AFTER 46 STEPS

    GEOMETRY (ANGSTROMS)

A01O1               -5.767848    -0.630974     2.141821
A02H2               -6.702895    -0.542470     2.102700
A03H3               -5.583919    -1.547665     2.044241
A01O1               -3.755949     0.526808     0.454185
A02H2               -4.487866     0.270644     0.985554
A03H3               -3.318287     1.216025     0.920132
A01O1               -2.880339    -2.112649    -0.271111
A02H2               -1.944829    -2.203144    -0.288612
A03H3               -3.056017    -1.196674    -0.153628
A01O1               -4.839679    -3.269096     1.473039
A02H2               -5.262402    -3.993343     1.048248
A03H3               -4.123276    -3.017874     0.918667


    RESTART DATA

fragment H2O_L
  -5.809879e+00  -6.773168e-01   2.134171e+00  -4.245540e-01   1.277718e-01  -3.096987e-01

fragment H2O_L
  -3.772415e+00   5.510407e-01   5.099924e-01  -2.439094e+00   2.051925e+00  -3.092546e+00

fragment H2O_L
  -2.837821e+00  -2.066457e+00  -2.655159e-01   5.049271e-02   1.265112e-01   2.351100e+00

fragment H2O_L
  -4.823246e+00  -3.295565e+00   1.418247e+00   7.563221e-01   1.062433e+00  -9.870496e-02


    ENERGY COMPONENTS (ATOMIC UNITS)

          ELECTROSTATIC ENERGY    -0.0534978859
           POLARIZATION ENERGY    -0.0146029482
             DISPERSION ENERGY    -0.0099036116
     EXCHANGE REPULSION ENERGY     0.0383080446
          POINT CHARGES ENERGY     0.0000000000
     CHARGE PENETRATION ENERGY     0.0000000000

                  TOTAL ENERGY    -0.0396964012


                 ENERGY CHANGE    -0.0000033867
                  RMS GRADIENT     0.0001414647
              MAXIMUM GRADIENT     0.0003418663


    STATE AFTER 47 STEPS

    GEOMETRY (ANGSTROMS)

A01O1               -5.768071    -0.631036     2.140902
A02H2               -6.703282    -0.544115     2.102157
A03H3               -5.582695    -1.547558     2.044476
A01O1               -3.756697     0.526432     0.455011
A02H2               -4.488179     0.272633     0.988111
A03H3               -3.316217     1.214831     0.919510
A01O1               -2.878967    -2.112405    -0.271085
A02H2               -1.943917    -2.207495    -0.288779
A03H3               -3.050123    -1.195476    -0.154375
A01O1               -4.840599    -3.268666     1.473028
A02H2               -5.262393    -3.993889     1.048982
A03H3               -4.124450    -3.017167     0.918453


    RESTART DATA

fragment H2O_L
  -5.810030e+00  -6.774585e-01   2.133338e+00  -4.235340e-01   1.263086e-01  -3.090785e-01

fragment H2O_L
  -3.772981e+00   5.507510e-01   5.108345e-01  -2.440675e+00   2.051156e+00  -3.090181e+00

fragment H2O_L
  -2.836222e+00  -2.066417e+00  -2.655441e-01   4.828095e-02   1.256279e-01   2.348394e+00

fragment H2O_L
  -4.824128e+00  -3.295174e+00   1.418267e+00   7.579224e-01   1.061580e+00  -9.947641e-02


    ENERGY COMPONENTS (ATOMIC UNITS)

          ELECTROSTATIC ENERGY    -0.0534915288
           POLARIZATION ENERGY    -0.0146007581
             DISPERSION ENERGY    -0.0099033597
     EXCHANGE REPULSION ENERGY     0.0382969577
          POINT CHARGES ENERGY     0.0000000000
     CHARGE PENETRATION ENERGY     0.0000000000

                  TOTAL ENERGY    -0.0396986889


                 ENERGY CHANGE    -0.0000022878
                  RMS GRADIENT     0.0000360088
              MAXIMUM GRADIENT     0.0000889611


    FINAL STATE

    GEOMETRY (ANGSTROMS)

A01O1               -5.767583    -0.630873     2.142238
A02H2               -6.702796    -0.544000     2.103466
A03H3               -5.582152    -1.547377     2.045750
A01O1               -3.757429     0.525896     0.454641
A02H2               -4.488145     0.272391     0.988929
A03H3               -3.317139     1.215562     0.917437
A01O1               -2.878336    -2.112503    -0.271316
A02H2               -1.943351    -2.208235    -0.288992
A03H3               -3.048866    -1.195438    -0.154760
A01O1               -4.841020    -3.268286     1.472361
A02H2               -5.263213    -3.993111     1.048030
A03H3               -4.125083    -3.016592     0.917600


    RESTART DATA

fragment H2O_L
  -5.809539e+00  -6.772966e-01   2.134669e+00  -4.234926e-01   1.263917e-01  -3.090648e-01

fragment H2O_L
  -3.773680e+00   5.503026e-01   5.104354e-01  -2.438722e+00   2.051924e+00  -3.087991e+00

fragment H2O_L
  -2.835559e+00  -2.066544e+00  -2.657826e-01   4.764774e-02   1.254598e-01   2.348343e+00

fragment H2O_L
  -4.824583e+00  -3.294761e+00   1.417573e+00   7.576059e-01   1.062420e+00  -9.935463e-02


    ENERGY COMPONENTS (ATOMIC UNITS)

          ELECTROSTATIC ENERGY    -0.0534870045
           POLARIZATION ENERGY    -0.0145978712
             DISPERSION ENERGY    -0.0099022396
     EXCHANGE REPULSION ENERGY     0.0382880241
          POINT CHARGES ENERGY     0.0000000000
     CHARGE PENETRATION ENERGY     0.0000000000

                  TOTAL ENERGY    -0.0396990912


                 ENERGY CHANGE    -0.0000004023
                  RMS GRADIENT     0.0000326607
              MAXIMUM GRADIENT     0.0000881154


OPTIMIZATION CONVERGED
ENERGY MINIMIZATION JOB COMPLETED SUCCESSFULLY
WALL CLOCK TIME IS Thu May 21 16:31:23 2020
TOTAL RUN TIME IS 0 SECONDS