EFPMD ver. 1.5.0
Copyright (c) 2012-2017 Ilya Kaliman

LIBEFP ver. 1.5.0
Copyright (c) 2012-2017 Ilya Kaliman

Journal References:
  - Kaliman and Slipchenko, JCC 2013.
    DOI: http://dx.doi.org/10.1002/jcc.23375
  - Kaliman and Slipchenko, JCC 2015.
    DOI: http://dx.doi.org/10.1002/jcc.23772

Project web site: https://libefp.github.io/

RUNNING 1 MPI PROCESSES WITH 8 OPENMP THREADS EACH
WALL CLOCK TIME IS Thu May 21 14:00:30 2020

SIMULATION SETTINGS

run_type sp
coord points
terms elec pol disp xr
elec_damp screen
disp_damp tt
pol_damp tt
pol_driver iterative
enable_ff false
enable_multistep false
ff_geometry ff.xyz
ff_parameters /Users/lyuda/LIBEFP/libefp_pbc/share/libefp/fraglib/params/amber99.prm
single_params_file false
efp_params_file params.efp
enable_cutoff true
swf_cutoff 4.79
max_steps 100
multistep_steps 1
fraglib_path /Users/lyuda/LIBEFP/libefp_pbc/share/libefp/fraglib
userlib_path ./
enable_pbc true
periodic_box 10.66 12.03 10.872 90.0 115.83 90.0
opt_tol 0.0001
gtest_tol 1e-06
ref_energy -0.24703
hess_central false
num_step_dist 0.001
num_step_angle 0.01
ensemble nve
time_step 1
print_step 1
velocitize false
temperature 300
pressure 1
thermostat_tau 1000
barostat_tau 10000
ligand 1
enable_pairwise false
print_pbc true


SINGLE POINT ENERGY JOB


    GEOMETRY (ANGSTROMS)

A01C1                0.767816     0.016241     0.000489
A02C2               -0.767816    -0.016241    -0.000489
A03H3                2.230975    -0.613530     0.885614
A04H4               -2.230975     0.613530    -0.885614
A05O5                1.372047     0.627966    -0.868978
A06O6               -1.372047    -0.627966     0.868978
A07O7                1.287041    -0.633379     0.986897
A08O8               -1.287041     0.633379    -0.986897
A01C1                3.377945     3.023741     2.445957
A02C2                4.913577     2.991260     2.446936
A03H3                1.914787     2.393969     1.560831
A04H4                6.376735     3.621032     3.332062
A05O5                2.773713     3.635466     3.315423
A06O6                5.517809     2.379535     1.577470
A07O7                2.858721     2.374120     1.459549
A08O8                5.432801     3.640881     3.433344
A01C1               -1.600662     0.016241     4.893383
A02C2               -3.136294    -0.016240     4.892404
A03H3               -0.137504    -0.613531     5.778509
A04H4               -4.599452     0.613532     4.007278
A05O5               -0.996430     0.627966     4.023917
A06O6               -3.740526    -0.627965     5.761870
A07O7               -1.081438    -0.633380     5.879791
A08O8               -3.655518     0.633381     3.905996
A01C1                1.009466     3.023741     7.338851
A02C2                2.545098     2.991260     7.339829
A03H3               -0.453692     2.393970     6.453726
A04H4                4.008256     3.621031     8.224954
A05O5                0.405235     3.635465     8.208318
A06O6                3.149329     2.379536     6.470362
A07O7                0.490241     2.374121     6.352443
A08O8                3.064322     3.640880     8.326237
A01C1                0.767816     6.031240     0.000489
A02C2               -0.767816     5.998759    -0.000489
A03H3                2.230974     5.401469     0.885615
A04H4               -2.230974     6.628530    -0.885615
A05O5                1.372047     6.642963    -0.868979
A06O6               -1.372047     5.387036     0.868979
A07O7                1.287041     5.381621     0.986898
A08O8               -1.287040     6.648378    -0.986898
A01C1                3.377945     9.038740     2.445957
A02C2                4.913577     9.006260     2.446936
A03H3                1.914788     8.408968     1.560830
A04H4                6.376734     9.636032     3.332063
A05O5                2.773713     9.650463     3.315424
A06O6                5.517809     8.394537     1.577469
A07O7                2.858722     8.389120     1.459548
A08O8                5.432800     9.655880     3.433345
A01C1               -1.600662     6.031241     4.893383
A02C2               -3.136294     5.998760     4.892404
A03H3               -0.137504     5.401469     5.778509
A04H4               -4.599452     6.628532     4.007278
A05O5               -0.996430     6.642966     4.023917
A06O6               -3.740526     5.387035     5.761870
A07O7               -1.081438     5.381620     5.879791
A08O8               -3.655518     6.648381     3.905996
A01C1                1.009466     9.038740     7.338851
A02C2                2.545098     9.006260     7.339829
A03H3               -0.453692     8.408969     6.453725
A04H4                4.008256     9.636031     8.224955
A05O5                0.405234     9.650462     8.208319
A06O6                3.149330     8.394538     6.470361
A07O7                0.490242     8.389121     6.352442
A08O8                3.064322     9.655879     8.326238
A01C1                6.097816     0.016241     0.000489
A02C2                4.562184    -0.016241    -0.000489
A03H3                7.560975    -0.613530     0.885614
A04H4                3.099025     0.613530    -0.885614
A05O5                6.702047     0.627966    -0.868978
A06O6                3.957953    -0.627966     0.868978
A07O7                6.617041    -0.633379     0.986897
A08O8                4.042959     0.633379    -0.986897
A01C1                8.707945     3.023741     2.445957
A02C2               10.243577     2.991260     2.446936
A03H3                7.244787     2.393969     1.560831
A04H4               11.706735     3.621032     3.332062
A05O5                8.103713     3.635466     3.315423
A06O6               10.847809     2.379535     1.577470
A07O7                8.188721     2.374120     1.459549
A08O8               10.762801     3.640881     3.433344
A01C1                3.729338     0.016241     4.893383
A02C2                2.193706    -0.016240     4.892404
A03H3                5.192496    -0.613531     5.778509
A04H4                0.730548     0.613532     4.007278
A05O5                4.333570     0.627966     4.023917
A06O6                1.589474    -0.627965     5.761870
A07O7                4.248562    -0.633380     5.879791
A08O8                1.674482     0.633381     3.905996
A01C1                6.339466     3.023741     7.338851
A02C2                7.875098     2.991260     7.339829
A03H3                4.876308     2.393970     6.453726
A04H4                9.338256     3.621031     8.224954
A05O5                5.735235     3.635465     8.208318
A06O6                8.479329     2.379536     6.470362
A07O7                5.820241     2.374121     6.352443
A08O8                8.394322     3.640880     8.326237
A01C1                6.097816     6.031240     0.000489
A02C2                4.562184     5.998759    -0.000489
A03H3                7.560974     5.401469     0.885615
A04H4                3.099026     6.628530    -0.885615
A05O5                6.702047     6.642963    -0.868979
A06O6                3.957953     5.387036     0.868979
A07O7                6.617041     5.381621     0.986898
A08O8                4.042960     6.648378    -0.986898
A01C1                8.707945     9.038740     2.445957
A02C2               10.243577     9.006260     2.446936
A03H3                7.244788     8.408968     1.560830
A04H4               11.706734     9.636032     3.332063
A05O5                8.103713     9.650463     3.315424
A06O6               10.847809     8.394537     1.577469
A07O7                8.188722     8.389120     1.459548
A08O8               10.762800     9.655880     3.433345
A01C1                3.729338     6.031241     4.893383
A02C2                2.193706     5.998760     4.892404
A03H3                5.192496     5.401469     5.778509
A04H4                0.730548     6.628532     4.007278
A05O5                4.333570     6.642966     4.023917
A06O6                1.589474     5.387035     5.761870
A07O7                4.248562     5.381620     5.879791
A08O8                1.674482     6.648381     3.905996
A01C1                6.339466     9.038740     7.338851
A02C2                7.875098     9.006260     7.339829
A03H3                4.876308     8.408969     6.453725
A04H4                9.338256     9.636031     8.224955
A05O5                5.735234     9.650462     8.208319
A06O6                8.479330     8.394538     6.470361
A07O7                5.820242     8.389121     6.352442
A08O8                8.394322     9.655879     8.326238


    GEOMETRY IN PBC CELL (ANGSTROMS)

A01C1               11.427816     0.016241     0.000489
A02C2                9.892184    -0.016241    -0.000489
A03H3               12.890975    -0.613530     0.885614
A04H4                8.429025     0.613530    -0.885614
A05O5               12.032047     0.627966    -0.868978
A06O6                9.287953    -0.627966     0.868978
A07O7               11.947041    -0.633379     0.986897
A08O8                9.372959     0.633379    -0.986897
A01C1                3.377945     3.023741     2.445957
A02C2                4.913577     2.991260     2.446936
A03H3                1.914787     2.393969     1.560831
A04H4                6.376735     3.621032     3.332062
A05O5                2.773713     3.635466     3.315423
A06O6                5.517809     2.379535     1.577470
A07O7                2.858721     2.374120     1.459549
A08O8                5.432801     3.640881     3.433344
A01C1               -1.600662     0.016241     4.893383
A02C2               -3.136294    -0.016240     4.892404
A03H3               -0.137504    -0.613531     5.778509
A04H4               -4.599452     0.613532     4.007278
A05O5               -0.996430     0.627966     4.023917
A06O6               -3.740526    -0.627965     5.761870
A07O7               -1.081438    -0.633380     5.879791
A08O8               -3.655518     0.633381     3.905996
A01C1                5.746423     3.023741    -2.446936
A02C2                7.282055     2.991260    -2.445958
A03H3                4.283265     2.393970    -3.332061
A04H4                8.745213     3.621031    -1.560832
A05O5                5.142192     3.635465    -1.577468
A06O6                7.886286     2.379536    -3.315425
A07O7                5.227198     2.374121    -3.433344
A08O8                7.801279     3.640880    -1.459549
A01C1               11.427816     6.031240     0.000489
A02C2                9.892184     5.998759    -0.000489
A03H3               12.890974     5.401469     0.885615
A04H4                8.429026     6.628530    -0.885615
A05O5               12.032047     6.642963    -0.868979
A06O6                9.287953     5.387036     0.868979
A07O7               11.947041     5.381621     0.986898
A08O8                9.372960     6.648378    -0.986898
A01C1                3.377945     9.038740     2.445957
A02C2                4.913577     9.006260     2.446936
A03H3                1.914788     8.408968     1.560830
A04H4                6.376734     9.636032     3.332063
A05O5                2.773713     9.650463     3.315424
A06O6                5.517809     8.394537     1.577469
A07O7                2.858722     8.389120     1.459548
A08O8                5.432800     9.655880     3.433345
A01C1               -1.600662     6.031241     4.893383
A02C2               -3.136294     5.998760     4.892404
A03H3               -0.137504     5.401469     5.778509
A04H4               -4.599452     6.628532     4.007278
A05O5               -0.996430     6.642966     4.023917
A06O6               -3.740526     5.387035     5.761870
A07O7               -1.081438     5.381620     5.879791
A08O8               -3.655518     6.648381     3.905996
A01C1                5.746423     9.038740    -2.446936
A02C2                7.282055     9.006260    -2.445958
A03H3                4.283265     8.408969    -3.332062
A04H4                8.745213     9.636031    -1.560831
A05O5                5.142191     9.650462    -1.577468
A06O6                7.886287     8.394538    -3.315426
A07O7                5.227199     8.389121    -3.433345
A08O8                7.801279     9.655879    -1.459548
A01C1                6.097816     0.016241     0.000489
A02C2                4.562184    -0.016241    -0.000489
A03H3                7.560975    -0.613530     0.885614
A04H4                3.099025     0.613530    -0.885614
A05O5                6.702047     0.627966    -0.868978
A06O6                3.957953    -0.627966     0.868978
A07O7                6.617041    -0.633379     0.986897
A08O8                4.042959     0.633379    -0.986897
A01C1               -1.952055     3.023741     2.445957
A02C2               -0.416423     2.991260     2.446936
A03H3               -3.415213     2.393969     1.560831
A04H4                1.046735     3.621032     3.332062
A05O5               -2.556287     3.635466     3.315423
A06O6                0.187809     2.379535     1.577470
A07O7               -2.471279     2.374120     1.459549
A08O8                0.102801     3.640881     3.433344
A01C1                3.729338     0.016241     4.893383
A02C2                2.193706    -0.016240     4.892404
A03H3                5.192496    -0.613531     5.778509
A04H4                0.730548     0.613532     4.007278
A05O5                4.333570     0.627966     4.023917
A06O6                1.589474    -0.627965     5.761870
A07O7                4.248562    -0.633380     5.879791
A08O8                1.674482     0.633381     3.905996
A01C1               11.076423     3.023741    -2.446936
A02C2               12.612055     2.991260    -2.445958
A03H3                9.613265     2.393970    -3.332061
A04H4               14.075213     3.621031    -1.560832
A05O5               10.472192     3.635465    -1.577468
A06O6               13.216286     2.379536    -3.315425
A07O7               10.557198     2.374121    -3.433344
A08O8               13.131279     3.640880    -1.459549
A01C1                6.097816     6.031240     0.000489
A02C2                4.562184     5.998759    -0.000489
A03H3                7.560974     5.401469     0.885615
A04H4                3.099026     6.628530    -0.885615
A05O5                6.702047     6.642963    -0.868979
A06O6                3.957953     5.387036     0.868979
A07O7                6.617041     5.381621     0.986898
A08O8                4.042960     6.648378    -0.986898
A01C1               -1.952055     9.038740     2.445957
A02C2               -0.416423     9.006260     2.446936
A03H3               -3.415212     8.408968     1.560830
A04H4                1.046734     9.636032     3.332063
A05O5               -2.556287     9.650463     3.315424
A06O6                0.187809     8.394537     1.577469
A07O7               -2.471278     8.389120     1.459548
A08O8                0.102800     9.655880     3.433345
A01C1                3.729338     6.031241     4.893383
A02C2                2.193706     5.998760     4.892404
A03H3                5.192496     5.401469     5.778509
A04H4                0.730548     6.628532     4.007278
A05O5                4.333570     6.642966     4.023917
A06O6                1.589474     5.387035     5.761870
A07O7                4.248562     5.381620     5.879791
A08O8                1.674482     6.648381     3.905996
A01C1               11.076423     9.038740    -2.446936
A02C2               12.612055     9.006260    -2.445958
A03H3                9.613265     8.408969    -3.332062
A04H4               14.075213     9.636031    -1.560831
A05O5               10.472191     9.650462    -1.577468
A06O6               13.216287     8.394538    -3.315426
A07O7               10.557199     8.389121    -3.433345
A08O8               13.131279     9.655879    -1.459548


    ENERGY COMPONENTS (ATOMIC UNITS)

          ELECTROSTATIC ENERGY    -0.2018733221
           POLARIZATION ENERGY    -0.0529248558
             DISPERSION ENERGY    -0.1654550376
     EXCHANGE REPULSION ENERGY     0.1732232997
          POINT CHARGES ENERGY     0.0000000000
     CHARGE PENETRATION ENERGY     0.0000000000

                  TOTAL ENERGY    -0.2470299158


SINGLE POINT ENERGY JOB COMPLETED SUCCESSFULLY
WALL CLOCK TIME IS Thu May 21 14:00:30 2020
TOTAL RUN TIME IS 0 SECONDS